<?xml version="1.0" encoding="UTF-8"?>
<testsuite xmlns:xsi="http://www.w3.org/2001/XMLSchema-instance" xsi:noNamespaceSchemaLocation="https://maven.apache.org/surefire/maven-surefire-plugin/xsd/surefire-test-report-3.0.xsd" version="3.0" name="TestSuite" time="26.358" tests="8" errors="0" skipped="0" failures="0">
  <properties>
    <property name="java.specification.version" value="21"/>
    <property name="sun.jnu.encoding" value="UTF-8"/>
    <property name="java.class.path" value="/home/windass/Documents/works/cognizant/case-study/sprint2/implementation/flightbooking/target/test-classes:/home/windass/Documents/works/cognizant/case-study/sprint2/implementation/flightbooking/target/classes:/home/windass/.m2/repository/org/seleniumhq/selenium/selenium-java/4.11.0/selenium-java-4.11.0.jar:/home/windass/.m2/repository/org/seleniumhq/selenium/selenium-api/4.11.0/selenium-api-4.11.0.jar:/home/windass/.m2/repository/org/seleniumhq/selenium/selenium-chrome-driver/4.11.0/selenium-chrome-driver-4.11.0.jar:/home/windass/.m2/repository/com/google/auto/service/auto-service-annotations/1.0.1/auto-service-annotations-1.0.1.jar:/home/windass/.m2/repository/com/google/guava/guava/31.1-jre/guava-31.1-jre.jar:/home/windass/.m2/repository/com/google/guava/failureaccess/1.0.1/failureaccess-1.0.1.jar:/home/windass/.m2/repository/com/google/guava/listenablefuture/9999.0-empty-to-avoid-conflict-with-guava/listenablefuture-9999.0-empty-to-avoid-conflict-with-guava.jar:/home/windass/.m2/repository/com/google/code/findbugs/jsr305/3.0.2/jsr305-3.0.2.jar:/home/windass/.m2/repository/org/checkerframework/checker-qual/3.12.0/checker-qual-3.12.0.jar:/home/windass/.m2/repository/com/google/errorprone/error_prone_annotations/2.11.0/error_prone_annotations-2.11.0.jar:/home/windass/.m2/repository/com/google/j2objc/j2objc-annotations/1.3/j2objc-annotations-1.3.jar:/home/windass/.m2/repository/org/seleniumhq/selenium/selenium-chromium-driver/4.11.0/selenium-chromium-driver-4.11.0.jar:/home/windass/.m2/repository/org/seleniumhq/selenium/selenium-json/4.11.0/selenium-json-4.11.0.jar:/home/windass/.m2/repository/org/seleniumhq/selenium/selenium-manager/4.11.0/selenium-manager-4.11.0.jar:/home/windass/.m2/repository/org/seleniumhq/selenium/selenium-devtools-v113/4.11.0/selenium-devtools-v113-4.11.0.jar:/home/windass/.m2/repository/org/seleniumhq/selenium/selenium-devtools-v114/4.11.0/selenium-devtools-v114-4.11.0.jar:/home/windass/.m2/repository/org/seleniumhq/selenium/selenium-devtools-v115/4.11.0/selenium-devtools-v115-4.11.0.jar:/home/windass/.m2/repository/org/seleniumhq/selenium/selenium-devtools-v85/4.11.0/selenium-devtools-v85-4.11.0.jar:/home/windass/.m2/repository/org/seleniumhq/selenium/selenium-edge-driver/4.11.0/selenium-edge-driver-4.11.0.jar:/home/windass/.m2/repository/org/seleniumhq/selenium/selenium-firefox-driver/4.11.0/selenium-firefox-driver-4.11.0.jar:/home/windass/.m2/repository/org/seleniumhq/selenium/selenium-http/4.11.0/selenium-http-4.11.0.jar:/home/windass/.m2/repository/dev/failsafe/failsafe/3.3.1/failsafe-3.3.1.jar:/home/windass/.m2/repository/org/seleniumhq/selenium/selenium-ie-driver/4.11.0/selenium-ie-driver-4.11.0.jar:/home/windass/.m2/repository/org/seleniumhq/selenium/selenium-remote-driver/4.11.0/selenium-remote-driver-4.11.0.jar:/home/windass/.m2/repository/io/netty/netty-buffer/4.1.92.Final/netty-buffer-4.1.92.Final.jar:/home/windass/.m2/repository/io/netty/netty-codec-http/4.1.92.Final/netty-codec-http-4.1.92.Final.jar:/home/windass/.m2/repository/io/netty/netty-codec/4.1.92.Final/netty-codec-4.1.92.Final.jar:/home/windass/.m2/repository/io/netty/netty-handler/4.1.92.Final/netty-handler-4.1.92.Final.jar:/home/windass/.m2/repository/io/netty/netty-common/4.1.92.Final/netty-common-4.1.92.Final.jar:/home/windass/.m2/repository/io/netty/netty-transport-classes-epoll/4.1.92.Final/netty-transport-classes-epoll-4.1.92.Final.jar:/home/windass/.m2/repository/io/netty/netty-transport-classes-kqueue/4.1.92.Final/netty-transport-classes-kqueue-4.1.92.Final.jar:/home/windass/.m2/repository/io/netty/netty-transport-native-epoll/4.1.92.Final/netty-transport-native-epoll-4.1.92.Final.jar:/home/windass/.m2/repository/io/netty/netty-transport-native-kqueue/4.1.92.Final/netty-transport-native-kqueue-4.1.92.Final.jar:/home/windass/.m2/repository/io/netty/netty-transport-native-unix-common/4.1.92.Final/netty-transport-native-unix-common-4.1.92.Final.jar:/home/windass/.m2/repository/io/netty/netty-transport/4.1.92.Final/netty-transport-4.1.92.Final.jar:/home/windass/.m2/repository/io/netty/netty-resolver/4.1.92.Final/netty-resolver-4.1.92.Final.jar:/home/windass/.m2/repository/io/opentelemetry/opentelemetry-api/1.26.0/opentelemetry-api-1.26.0.jar:/home/windass/.m2/repository/io/opentelemetry/opentelemetry-context/1.26.0/opentelemetry-context-1.26.0.jar:/home/windass/.m2/repository/io/opentelemetry/opentelemetry-exporter-logging/1.26.0/opentelemetry-exporter-logging-1.26.0.jar:/home/windass/.m2/repository/io/opentelemetry/opentelemetry-sdk-metrics/1.26.0/opentelemetry-sdk-metrics-1.26.0.jar:/home/windass/.m2/repository/io/opentelemetry/opentelemetry-extension-incubator/1.26.0-alpha/opentelemetry-extension-incubator-1.26.0-alpha.jar:/home/windass/.m2/repository/io/opentelemetry/opentelemetry-sdk-logs/1.26.0-alpha/opentelemetry-sdk-logs-1.26.0-alpha.jar:/home/windass/.m2/repository/io/opentelemetry/opentelemetry-api-logs/1.26.0-alpha/opentelemetry-api-logs-1.26.0-alpha.jar:/home/windass/.m2/repository/io/opentelemetry/opentelemetry-api-events/1.26.0-alpha/opentelemetry-api-events-1.26.0-alpha.jar:/home/windass/.m2/repository/io/opentelemetry/opentelemetry-sdk-common/1.26.0/opentelemetry-sdk-common-1.26.0.jar:/home/windass/.m2/repository/io/opentelemetry/opentelemetry-sdk-extension-autoconfigure-spi/1.26.0/opentelemetry-sdk-extension-autoconfigure-spi-1.26.0.jar:/home/windass/.m2/repository/io/opentelemetry/opentelemetry-sdk-extension-autoconfigure/1.26.0-alpha/opentelemetry-sdk-extension-autoconfigure-1.26.0-alpha.jar:/home/windass/.m2/repository/io/opentelemetry/opentelemetry-sdk-trace/1.26.0/opentelemetry-sdk-trace-1.26.0.jar:/home/windass/.m2/repository/io/opentelemetry/opentelemetry-sdk/1.26.0/opentelemetry-sdk-1.26.0.jar:/home/windass/.m2/repository/io/opentelemetry/opentelemetry-semconv/1.26.0-alpha/opentelemetry-semconv-1.26.0-alpha.jar:/home/windass/.m2/repository/net/bytebuddy/byte-buddy/1.14.4/byte-buddy-1.14.4.jar:/home/windass/.m2/repository/org/apache/commons/commons-exec/1.3/commons-exec-1.3.jar:/home/windass/.m2/repository/org/asynchttpclient/async-http-client/2.12.3/async-http-client-2.12.3.jar:/home/windass/.m2/repository/org/asynchttpclient/async-http-client-netty-utils/2.12.3/async-http-client-netty-utils-2.12.3.jar:/home/windass/.m2/repository/io/netty/netty-codec-socks/4.1.60.Final/netty-codec-socks-4.1.60.Final.jar:/home/windass/.m2/repository/io/netty/netty-handler-proxy/4.1.60.Final/netty-handler-proxy-4.1.60.Final.jar:/home/windass/.m2/repository/io/netty/netty-transport-native-epoll/4.1.60.Final/netty-transport-native-epoll-4.1.60.Final-linux-x86_64.jar:/home/windass/.m2/repository/io/netty/netty-transport-native-kqueue/4.1.60.Final/netty-transport-native-kqueue-4.1.60.Final-osx-x86_64.jar:/home/windass/.m2/repository/org/reactivestreams/reactive-streams/1.0.3/reactive-streams-1.0.3.jar:/home/windass/.m2/repository/com/typesafe/netty/netty-reactive-streams/2.0.4/netty-reactive-streams-2.0.4.jar:/home/windass/.m2/repository/com/sun/activation/jakarta.activation/1.2.2/jakarta.activation-1.2.2.jar:/home/windass/.m2/repository/org/seleniumhq/selenium/selenium-safari-driver/4.11.0/selenium-safari-driver-4.11.0.jar:/home/windass/.m2/repository/org/seleniumhq/selenium/selenium-support/4.11.0/selenium-support-4.11.0.jar:/home/windass/.m2/repository/org/testng/testng/6.11/testng-6.11.jar:/home/windass/.m2/repository/com/beust/jcommander/1.64/jcommander-1.64.jar:/home/windass/.m2/repository/org/yaml/snakeyaml/1.17/snakeyaml-1.17.jar:/home/windass/.m2/repository/io/cucumber/cucumber-java/7.13.0/cucumber-java-7.13.0.jar:/home/windass/.m2/repository/io/cucumber/cucumber-core/7.13.0/cucumber-core-7.13.0.jar:/home/windass/.m2/repository/io/cucumber/cucumber-gherkin/7.13.0/cucumber-gherkin-7.13.0.jar:/home/windass/.m2/repository/io/cucumber/cucumber-gherkin-messages/7.13.0/cucumber-gherkin-messages-7.13.0.jar:/home/windass/.m2/repository/io/cucumber/tag-expressions/5.0.1/tag-expressions-5.0.1.jar:/home/windass/.m2/repository/io/cucumber/cucumber-expressions/16.1.2/cucumber-expressions-16.1.2.jar:/home/windass/.m2/repository/io/cucumber/datatable/7.13.0/datatable-7.13.0.jar:/home/windass/.m2/repository/io/cucumber/cucumber-plugin/7.13.0/cucumber-plugin-7.13.0.jar:/home/windass/.m2/repository/io/cucumber/docstring/7.13.0/docstring-7.13.0.jar:/home/windass/.m2/repository/io/cucumber/html-formatter/20.3.1/html-formatter-20.3.1.jar:/home/windass/.m2/repository/io/cucumber/junit-xml-formatter/0.2.0/junit-xml-formatter-0.2.0.jar:/home/windass/.m2/repository/io/cucumber/ci-environment/9.2.0/ci-environment-9.2.0.jar:/home/windass/.m2/repository/org/apiguardian/apiguardian-api/1.1.2/apiguardian-api-1.1.2.jar:/home/windass/.m2/repository/io/cucumber/cucumber-testng/7.13.0/cucumber-testng-7.13.0.jar:/home/windass/.m2/repository/io/cucumber/gherkin/26.2.0/gherkin-26.2.0.jar:/home/windass/.m2/repository/io/cucumber/messages/22.0.0/messages-22.0.0.jar:/home/windass/.m2/repository/org/apache/poi/poi-ooxml/5.2.3/poi-ooxml-5.2.3.jar:/home/windass/.m2/repository/org/apache/poi/poi/5.2.3/poi-5.2.3.jar:/home/windass/.m2/repository/commons-codec/commons-codec/1.15/commons-codec-1.15.jar:/home/windass/.m2/repository/org/apache/commons/commons-math3/3.6.1/commons-math3-3.6.1.jar:/home/windass/.m2/repository/com/zaxxer/SparseBitSet/1.2/SparseBitSet-1.2.jar:/home/windass/.m2/repository/org/apache/poi/poi-ooxml-lite/5.2.3/poi-ooxml-lite-5.2.3.jar:/home/windass/.m2/repository/org/apache/xmlbeans/xmlbeans/5.1.1/xmlbeans-5.1.1.jar:/home/windass/.m2/repository/org/apache/commons/commons-compress/1.21/commons-compress-1.21.jar:/home/windass/.m2/repository/commons-io/commons-io/2.11.0/commons-io-2.11.0.jar:/home/windass/.m2/repository/com/github/virtuald/curvesapi/1.07/curvesapi-1.07.jar:/home/windass/.m2/repository/org/apache/commons/commons-collections4/4.4/commons-collections4-4.4.jar:/home/windass/.m2/repository/org/slf4j/slf4j-api/2.0.13/slf4j-api-2.0.13.jar:/home/windass/.m2/repository/org/apache/logging/log4j/log4j-slf4j2-impl/2.23.1/log4j-slf4j2-impl-2.23.1.jar:/home/windass/.m2/repository/com/fasterxml/jackson/core/jackson-databind/2.16.1/jackson-databind-2.16.1.jar:/home/windass/.m2/repository/com/fasterxml/jackson/core/jackson-annotations/2.16.1/jackson-annotations-2.16.1.jar:/home/windass/.m2/repository/com/fasterxml/jackson/core/jackson-core/2.16.1/jackson-core-2.16.1.jar:/home/windass/.m2/repository/org/apache/logging/log4j/log4j-api/2.23.1/log4j-api-2.23.1.jar:/home/windass/.m2/repository/org/apache/logging/log4j/log4j-core/2.23.1/log4j-core-2.23.1.jar:"/>
    <property name="java.vm.vendor" value="Debian"/>
    <property name="sun.arch.data.model" value="64"/>
    <property name="java.vendor.url" value="https://tracker.debian.org/openjdk-21"/>
    <property name="user.timezone" value="Asia/Kolkata"/>
    <property name="os.name" value="Linux"/>
    <property name="java.vm.specification.version" value="21"/>
    <property name="sun.java.launcher" value="SUN_STANDARD"/>
    <property name="user.country" value="IN"/>
    <property name="sun.boot.library.path" value="/usr/lib/jvm/java-21-openjdk-amd64/lib"/>
    <property name="sun.java.command" value="/home/windass/Documents/works/cognizant/case-study/sprint2/implementation/flightbooking/target/surefire/surefirebooter-20250728195944643_3.jar /home/windass/Documents/works/cognizant/case-study/sprint2/implementation/flightbooking/target/surefire 2025-07-28T19-59-44_561-jvmRun1 surefire-20250728195944643_1tmp surefire_0-20250728195944643_2tmp"/>
    <property name="jdk.debug" value="release"/>
    <property name="surefire.test.class.path" value="/home/windass/Documents/works/cognizant/case-study/sprint2/implementation/flightbooking/target/test-classes:/home/windass/Documents/works/cognizant/case-study/sprint2/implementation/flightbooking/target/classes:/home/windass/.m2/repository/org/seleniumhq/selenium/selenium-java/4.11.0/selenium-java-4.11.0.jar:/home/windass/.m2/repository/org/seleniumhq/selenium/selenium-api/4.11.0/selenium-api-4.11.0.jar:/home/windass/.m2/repository/org/seleniumhq/selenium/selenium-chrome-driver/4.11.0/selenium-chrome-driver-4.11.0.jar:/home/windass/.m2/repository/com/google/auto/service/auto-service-annotations/1.0.1/auto-service-annotations-1.0.1.jar:/home/windass/.m2/repository/com/google/guava/guava/31.1-jre/guava-31.1-jre.jar:/home/windass/.m2/repository/com/google/guava/failureaccess/1.0.1/failureaccess-1.0.1.jar:/home/windass/.m2/repository/com/google/guava/listenablefuture/9999.0-empty-to-avoid-conflict-with-guava/listenablefuture-9999.0-empty-to-avoid-conflict-with-guava.jar:/home/windass/.m2/repository/com/google/code/findbugs/jsr305/3.0.2/jsr305-3.0.2.jar:/home/windass/.m2/repository/org/checkerframework/checker-qual/3.12.0/checker-qual-3.12.0.jar:/home/windass/.m2/repository/com/google/errorprone/error_prone_annotations/2.11.0/error_prone_annotations-2.11.0.jar:/home/windass/.m2/repository/com/google/j2objc/j2objc-annotations/1.3/j2objc-annotations-1.3.jar:/home/windass/.m2/repository/org/seleniumhq/selenium/selenium-chromium-driver/4.11.0/selenium-chromium-driver-4.11.0.jar:/home/windass/.m2/repository/org/seleniumhq/selenium/selenium-json/4.11.0/selenium-json-4.11.0.jar:/home/windass/.m2/repository/org/seleniumhq/selenium/selenium-manager/4.11.0/selenium-manager-4.11.0.jar:/home/windass/.m2/repository/org/seleniumhq/selenium/selenium-devtools-v113/4.11.0/selenium-devtools-v113-4.11.0.jar:/home/windass/.m2/repository/org/seleniumhq/selenium/selenium-devtools-v114/4.11.0/selenium-devtools-v114-4.11.0.jar:/home/windass/.m2/repository/org/seleniumhq/selenium/selenium-devtools-v115/4.11.0/selenium-devtools-v115-4.11.0.jar:/home/windass/.m2/repository/org/seleniumhq/selenium/selenium-devtools-v85/4.11.0/selenium-devtools-v85-4.11.0.jar:/home/windass/.m2/repository/org/seleniumhq/selenium/selenium-edge-driver/4.11.0/selenium-edge-driver-4.11.0.jar:/home/windass/.m2/repository/org/seleniumhq/selenium/selenium-firefox-driver/4.11.0/selenium-firefox-driver-4.11.0.jar:/home/windass/.m2/repository/org/seleniumhq/selenium/selenium-http/4.11.0/selenium-http-4.11.0.jar:/home/windass/.m2/repository/dev/failsafe/failsafe/3.3.1/failsafe-3.3.1.jar:/home/windass/.m2/repository/org/seleniumhq/selenium/selenium-ie-driver/4.11.0/selenium-ie-driver-4.11.0.jar:/home/windass/.m2/repository/org/seleniumhq/selenium/selenium-remote-driver/4.11.0/selenium-remote-driver-4.11.0.jar:/home/windass/.m2/repository/io/netty/netty-buffer/4.1.92.Final/netty-buffer-4.1.92.Final.jar:/home/windass/.m2/repository/io/netty/netty-codec-http/4.1.92.Final/netty-codec-http-4.1.92.Final.jar:/home/windass/.m2/repository/io/netty/netty-codec/4.1.92.Final/netty-codec-4.1.92.Final.jar:/home/windass/.m2/repository/io/netty/netty-handler/4.1.92.Final/netty-handler-4.1.92.Final.jar:/home/windass/.m2/repository/io/netty/netty-common/4.1.92.Final/netty-common-4.1.92.Final.jar:/home/windass/.m2/repository/io/netty/netty-transport-classes-epoll/4.1.92.Final/netty-transport-classes-epoll-4.1.92.Final.jar:/home/windass/.m2/repository/io/netty/netty-transport-classes-kqueue/4.1.92.Final/netty-transport-classes-kqueue-4.1.92.Final.jar:/home/windass/.m2/repository/io/netty/netty-transport-native-epoll/4.1.92.Final/netty-transport-native-epoll-4.1.92.Final.jar:/home/windass/.m2/repository/io/netty/netty-transport-native-kqueue/4.1.92.Final/netty-transport-native-kqueue-4.1.92.Final.jar:/home/windass/.m2/repository/io/netty/netty-transport-native-unix-common/4.1.92.Final/netty-transport-native-unix-common-4.1.92.Final.jar:/home/windass/.m2/repository/io/netty/netty-transport/4.1.92.Final/netty-transport-4.1.92.Final.jar:/home/windass/.m2/repository/io/netty/netty-resolver/4.1.92.Final/netty-resolver-4.1.92.Final.jar:/home/windass/.m2/repository/io/opentelemetry/opentelemetry-api/1.26.0/opentelemetry-api-1.26.0.jar:/home/windass/.m2/repository/io/opentelemetry/opentelemetry-context/1.26.0/opentelemetry-context-1.26.0.jar:/home/windass/.m2/repository/io/opentelemetry/opentelemetry-exporter-logging/1.26.0/opentelemetry-exporter-logging-1.26.0.jar:/home/windass/.m2/repository/io/opentelemetry/opentelemetry-sdk-metrics/1.26.0/opentelemetry-sdk-metrics-1.26.0.jar:/home/windass/.m2/repository/io/opentelemetry/opentelemetry-extension-incubator/1.26.0-alpha/opentelemetry-extension-incubator-1.26.0-alpha.jar:/home/windass/.m2/repository/io/opentelemetry/opentelemetry-sdk-logs/1.26.0-alpha/opentelemetry-sdk-logs-1.26.0-alpha.jar:/home/windass/.m2/repository/io/opentelemetry/opentelemetry-api-logs/1.26.0-alpha/opentelemetry-api-logs-1.26.0-alpha.jar:/home/windass/.m2/repository/io/opentelemetry/opentelemetry-api-events/1.26.0-alpha/opentelemetry-api-events-1.26.0-alpha.jar:/home/windass/.m2/repository/io/opentelemetry/opentelemetry-sdk-common/1.26.0/opentelemetry-sdk-common-1.26.0.jar:/home/windass/.m2/repository/io/opentelemetry/opentelemetry-sdk-extension-autoconfigure-spi/1.26.0/opentelemetry-sdk-extension-autoconfigure-spi-1.26.0.jar:/home/windass/.m2/repository/io/opentelemetry/opentelemetry-sdk-extension-autoconfigure/1.26.0-alpha/opentelemetry-sdk-extension-autoconfigure-1.26.0-alpha.jar:/home/windass/.m2/repository/io/opentelemetry/opentelemetry-sdk-trace/1.26.0/opentelemetry-sdk-trace-1.26.0.jar:/home/windass/.m2/repository/io/opentelemetry/opentelemetry-sdk/1.26.0/opentelemetry-sdk-1.26.0.jar:/home/windass/.m2/repository/io/opentelemetry/opentelemetry-semconv/1.26.0-alpha/opentelemetry-semconv-1.26.0-alpha.jar:/home/windass/.m2/repository/net/bytebuddy/byte-buddy/1.14.4/byte-buddy-1.14.4.jar:/home/windass/.m2/repository/org/apache/commons/commons-exec/1.3/commons-exec-1.3.jar:/home/windass/.m2/repository/org/asynchttpclient/async-http-client/2.12.3/async-http-client-2.12.3.jar:/home/windass/.m2/repository/org/asynchttpclient/async-http-client-netty-utils/2.12.3/async-http-client-netty-utils-2.12.3.jar:/home/windass/.m2/repository/io/netty/netty-codec-socks/4.1.60.Final/netty-codec-socks-4.1.60.Final.jar:/home/windass/.m2/repository/io/netty/netty-handler-proxy/4.1.60.Final/netty-handler-proxy-4.1.60.Final.jar:/home/windass/.m2/repository/io/netty/netty-transport-native-epoll/4.1.60.Final/netty-transport-native-epoll-4.1.60.Final-linux-x86_64.jar:/home/windass/.m2/repository/io/netty/netty-transport-native-kqueue/4.1.60.Final/netty-transport-native-kqueue-4.1.60.Final-osx-x86_64.jar:/home/windass/.m2/repository/org/reactivestreams/reactive-streams/1.0.3/reactive-streams-1.0.3.jar:/home/windass/.m2/repository/com/typesafe/netty/netty-reactive-streams/2.0.4/netty-reactive-streams-2.0.4.jar:/home/windass/.m2/repository/com/sun/activation/jakarta.activation/1.2.2/jakarta.activation-1.2.2.jar:/home/windass/.m2/repository/org/seleniumhq/selenium/selenium-safari-driver/4.11.0/selenium-safari-driver-4.11.0.jar:/home/windass/.m2/repository/org/seleniumhq/selenium/selenium-support/4.11.0/selenium-support-4.11.0.jar:/home/windass/.m2/repository/org/testng/testng/6.11/testng-6.11.jar:/home/windass/.m2/repository/com/beust/jcommander/1.64/jcommander-1.64.jar:/home/windass/.m2/repository/org/yaml/snakeyaml/1.17/snakeyaml-1.17.jar:/home/windass/.m2/repository/io/cucumber/cucumber-java/7.13.0/cucumber-java-7.13.0.jar:/home/windass/.m2/repository/io/cucumber/cucumber-core/7.13.0/cucumber-core-7.13.0.jar:/home/windass/.m2/repository/io/cucumber/cucumber-gherkin/7.13.0/cucumber-gherkin-7.13.0.jar:/home/windass/.m2/repository/io/cucumber/cucumber-gherkin-messages/7.13.0/cucumber-gherkin-messages-7.13.0.jar:/home/windass/.m2/repository/io/cucumber/tag-expressions/5.0.1/tag-expressions-5.0.1.jar:/home/windass/.m2/repository/io/cucumber/cucumber-expressions/16.1.2/cucumber-expressions-16.1.2.jar:/home/windass/.m2/repository/io/cucumber/datatable/7.13.0/datatable-7.13.0.jar:/home/windass/.m2/repository/io/cucumber/cucumber-plugin/7.13.0/cucumber-plugin-7.13.0.jar:/home/windass/.m2/repository/io/cucumber/docstring/7.13.0/docstring-7.13.0.jar:/home/windass/.m2/repository/io/cucumber/html-formatter/20.3.1/html-formatter-20.3.1.jar:/home/windass/.m2/repository/io/cucumber/junit-xml-formatter/0.2.0/junit-xml-formatter-0.2.0.jar:/home/windass/.m2/repository/io/cucumber/ci-environment/9.2.0/ci-environment-9.2.0.jar:/home/windass/.m2/repository/org/apiguardian/apiguardian-api/1.1.2/apiguardian-api-1.1.2.jar:/home/windass/.m2/repository/io/cucumber/cucumber-testng/7.13.0/cucumber-testng-7.13.0.jar:/home/windass/.m2/repository/io/cucumber/gherkin/26.2.0/gherkin-26.2.0.jar:/home/windass/.m2/repository/io/cucumber/messages/22.0.0/messages-22.0.0.jar:/home/windass/.m2/repository/org/apache/poi/poi-ooxml/5.2.3/poi-ooxml-5.2.3.jar:/home/windass/.m2/repository/org/apache/poi/poi/5.2.3/poi-5.2.3.jar:/home/windass/.m2/repository/commons-codec/commons-codec/1.15/commons-codec-1.15.jar:/home/windass/.m2/repository/org/apache/commons/commons-math3/3.6.1/commons-math3-3.6.1.jar:/home/windass/.m2/repository/com/zaxxer/SparseBitSet/1.2/SparseBitSet-1.2.jar:/home/windass/.m2/repository/org/apache/poi/poi-ooxml-lite/5.2.3/poi-ooxml-lite-5.2.3.jar:/home/windass/.m2/repository/org/apache/xmlbeans/xmlbeans/5.1.1/xmlbeans-5.1.1.jar:/home/windass/.m2/repository/org/apache/commons/commons-compress/1.21/commons-compress-1.21.jar:/home/windass/.m2/repository/commons-io/commons-io/2.11.0/commons-io-2.11.0.jar:/home/windass/.m2/repository/com/github/virtuald/curvesapi/1.07/curvesapi-1.07.jar:/home/windass/.m2/repository/org/apache/commons/commons-collections4/4.4/commons-collections4-4.4.jar:/home/windass/.m2/repository/org/slf4j/slf4j-api/2.0.13/slf4j-api-2.0.13.jar:/home/windass/.m2/repository/org/apache/logging/log4j/log4j-slf4j2-impl/2.23.1/log4j-slf4j2-impl-2.23.1.jar:/home/windass/.m2/repository/com/fasterxml/jackson/core/jackson-databind/2.16.1/jackson-databind-2.16.1.jar:/home/windass/.m2/repository/com/fasterxml/jackson/core/jackson-annotations/2.16.1/jackson-annotations-2.16.1.jar:/home/windass/.m2/repository/com/fasterxml/jackson/core/jackson-core/2.16.1/jackson-core-2.16.1.jar:/home/windass/.m2/repository/org/apache/logging/log4j/log4j-api/2.23.1/log4j-api-2.23.1.jar:/home/windass/.m2/repository/org/apache/logging/log4j/log4j-core/2.23.1/log4j-core-2.23.1.jar:"/>
    <property name="sun.cpu.endian" value="little"/>
    <property name="user.home" value="/home/windass"/>
    <property name="user.language" value="en"/>
    <property name="java.specification.vendor" value="Oracle Corporation"/>
    <property name="java.version.date" value="2025-04-15"/>
    <property name="java.home" value="/usr/lib/jvm/java-21-openjdk-amd64"/>
    <property name="file.separator" value="/"/>
    <property name="basedir" value="/home/windass/Documents/works/cognizant/case-study/sprint2/implementation/flightbooking"/>
    <property name="style.color" value="always"/>
    <property name="java.vm.compressedOopsMode" value="32-bit"/>
    <property name="line.separator" value="&#10;"/>
    <property name="java.vm.specification.vendor" value="Oracle Corporation"/>
    <property name="java.specification.name" value="Java Platform API Specification"/>
    <property name="surefire.real.class.path" value="/home/windass/Documents/works/cognizant/case-study/sprint2/implementation/flightbooking/target/surefire/surefirebooter-20250728195944643_3.jar"/>
    <property name="sun.management.compiler" value="HotSpot 64-Bit Tiered Compilers"/>
    <property name="java.runtime.version" value="21.0.7+6-Debian-1"/>
    <property name="user.name" value="windass"/>
    <property name="stdout.encoding" value="UTF-8"/>
    <property name="path.separator" value=":"/>
    <property name="os.version" value="6.12.33+kali-amd64"/>
    <property name="java.runtime.name" value="OpenJDK Runtime Environment"/>
    <property name="file.encoding" value="UTF-8"/>
    <property name="java.vm.name" value="OpenJDK 64-Bit Server VM"/>
    <property name="localRepository" value="/home/windass/.m2/repository"/>
    <property name="java.vendor.url.bug" value="https://bugs.debian.org/openjdk-21"/>
    <property name="java.io.tmpdir" value="/tmp"/>
    <property name="java.version" value="21.0.7"/>
    <property name="user.dir" value="/home/windass/Documents/works/cognizant/case-study/sprint2/implementation/flightbooking"/>
    <property name="os.arch" value="amd64"/>
    <property name="webdriver.gecko.driver" value="/usr/bin/geckodriver"/>
    <property name="java.vm.specification.name" value="Java Virtual Machine Specification"/>
    <property name="native.encoding" value="UTF-8"/>
    <property name="java.library.path" value="/usr/java/packages/lib:/usr/lib/x86_64-linux-gnu/jni:/lib/x86_64-linux-gnu:/usr/lib/x86_64-linux-gnu:/usr/lib/jni:/lib:/usr/lib"/>
    <property name="java.vm.info" value="mixed mode, sharing"/>
    <property name="stderr.encoding" value="UTF-8"/>
    <property name="java.vendor" value="Debian"/>
    <property name="java.vm.version" value="21.0.7+6-Debian-1"/>
    <property name="sun.io.unicode.encoding" value="UnicodeLittle"/>
    <property name="java.class.version" value="65.0"/>
  </properties>
  <testcase name="runScenario[&quot;Validate Date in Flight booking.&quot;, &quot;Flight Ticket Booking check.&quot;](1)" classname="org.agile.qa.runners.RunnerTests" time="7.008">
    <system-out><![CDATA[
Scenario: Validate Date in Flight booking.      &amp#27;[90m# src/test/java/org/agile/qa/features/booking.feature:9&amp#27;[0m
19:59:45 INFO  XmlUtils:43 - File read from src/test/java/org/agile/qa/resources/validLoginCreds.xml
19:59:45 INFO  XmlUtils:48 - XML Document Normalized.
19:59:50 INFO  BookingTest:43 - Navigated to login page: https://webapps.tekstac.com/FlightBooking/login.html
  &amp#27;[32mGiven &amp#27;[0m&amp#27;[32mthat I navigate to login page.&amp#27;[0m          &amp#27;[90m# org.agile.qa.stepDefinitions.BookingTest.that_i_navigate_to_login_page()&amp#27;[0m
19:59:51 INFO  BaseAuthPage:118 - Alert found and accepted after login click.
19:59:51 INFO  BookingTest:65 - Login performed with provided credentials.
  &amp#27;[32mAnd &amp#27;[0m&amp#27;[32msuccesfully login with valid credentials.&amp#27;[0m &amp#27;[90m# org.agile.qa.stepDefinitions.BookingTest.succesfully_login_with_valid_credentials(io.cucumber.datatable.DataTable)&amp#27;[0m
    | username    | password    |
    | flightadmin | flightadmin |
19:59:52 INFO  BookingTest:72 - Entered invalid departure date for validation.
  &amp#27;[32mThen &amp#27;[0m&amp#27;[32menter invalid date.&amp#27;[0m                      &amp#27;[90m# org.agile.qa.stepDefinitions.BookingTest.enter_invalid_date()&amp#27;[0m
19:59:52 WARN  BookingTest:50 - Element NOT found: By.id: departure-date-error
19:59:52 ERROR BookingTest:89 - Warning message element NOT found – raise bug!
  &amp#27;[32mAnd &amp#27;[0m&amp#27;[32mthe warning message must be diplayed.&amp#27;[0m     &amp#27;[90m# org.agile.qa.stepDefinitions.BookingTest.the_warning_message_must_be_diplayed()&amp#27;[0m
]]></system-out>
  </testcase>
  <testcase name="runScenario[&quot;Validating calculation result while data is invalid.&quot;, &quot;Flight Ticket Booking check.&quot;](2)" classname="org.agile.qa.runners.RunnerTests" time="1.147">
    <system-out><![CDATA[
Scenario: Validating calculation result while data is invalid. &amp#27;[90m# src/test/java/org/agile/qa/features/booking.feature:13&amp#27;[0m
19:59:52 INFO  XmlUtils:43 - File read from src/test/java/org/agile/qa/resources/validLoginCreds.xml
19:59:52 INFO  XmlUtils:48 - XML Document Normalized.
19:59:52 INFO  BookingTest:43 - Navigated to login page: https://webapps.tekstac.com/FlightBooking/login.html
  &amp#27;[32mGiven &amp#27;[0m&amp#27;[32mthat I navigate to login page.&amp#27;[0m                         &amp#27;[90m# org.agile.qa.stepDefinitions.BookingTest.that_i_navigate_to_login_page()&amp#27;[0m
19:59:52 INFO  BaseAuthPage:118 - Alert found and accepted after login click.
19:59:52 INFO  BookingTest:65 - Login performed with provided credentials.
  &amp#27;[32mAnd &amp#27;[0m&amp#27;[32msuccesfully login with valid credentials.&amp#27;[0m                &amp#27;[90m# org.agile.qa.stepDefinitions.BookingTest.succesfully_login_with_valid_credentials(io.cucumber.datatable.DataTable)&amp#27;[0m
    | username    | password    |
    | flightadmin | flightadmin |
19:59:53 INFO  BookingTest:100 - Entered invalid details for passenger fields.
  &amp#27;[32mThen &amp#27;[0m&amp#27;[32menter invalid details.&amp#27;[0m                                  &amp#27;[90m# org.agile.qa.stepDefinitions.BookingTest.enter_invalid_details()&amp#27;[0m
19:59:53 ERROR BookingTest:109 - Displayed total amount does not match expected: 
  &amp#27;[32mAnd &amp#27;[0m&amp#27;[32mexpect the total to display &amp#27;[0m&amp#27;[32m&amp#27;[1m'NaN'&amp#27;[0m                        &amp#27;[90m# org.agile.qa.stepDefinitions.BookingTest.expect_the_total_to_display(java.lang.String)&amp#27;[0m
]]></system-out>
  </testcase>
  <testcase name="runScenario[&quot;Validate log out button.&quot;, &quot;Flight Ticket Booking check.&quot;](3)" classname="org.agile.qa.runners.RunnerTests" time="0.489">
    <system-out><![CDATA[
Scenario: Validate log out button.                            &amp#27;[90m# src/test/java/org/agile/qa/features/booking.feature:17&amp#27;[0m
19:59:53 INFO  XmlUtils:43 - File read from src/test/java/org/agile/qa/resources/validLoginCreds.xml
19:59:53 INFO  XmlUtils:48 - XML Document Normalized.
19:59:53 INFO  BookingTest:43 - Navigated to login page: https://webapps.tekstac.com/FlightBooking/login.html
  &amp#27;[32mGiven &amp#27;[0m&amp#27;[32mthat I navigate to login page.&amp#27;[0m                        &amp#27;[90m# org.agile.qa.stepDefinitions.BookingTest.that_i_navigate_to_login_page()&amp#27;[0m
19:59:53 INFO  BaseAuthPage:118 - Alert found and accepted after login click.
19:59:53 INFO  BookingTest:65 - Login performed with provided credentials.
  &amp#27;[32mAnd &amp#27;[0m&amp#27;[32msuccesfully login with valid credentials.&amp#27;[0m               &amp#27;[90m# org.agile.qa.stepDefinitions.BookingTest.succesfully_login_with_valid_credentials(io.cucumber.datatable.DataTable)&amp#27;[0m
    | username    | password    |
    | flightadmin | flightadmin |
19:59:53 WARN  BookingTest:50 - Element NOT found: By.id: logout-btn
19:59:53 ERROR BookingTest:129 - Logout button NOT found – raise bug!
  &amp#27;[32mThen &amp#27;[0m&amp#27;[32mlocate log out button.&amp#27;[0m                                 &amp#27;[90m# org.agile.qa.stepDefinitions.BookingTest.locate_log_out_button()&amp#27;[0m
19:59:53 WARN  BookingTest:50 - Element NOT found: By.id: logout-btn
19:59:53 ERROR BookingTest:154 - Logout button NOT found, cannot perform logout – raise bug!
  &amp#27;[32mAnd &amp#27;[0m&amp#27;[32mclick on log out button and validate it got logged out.&amp#27;[0m &amp#27;[90m# org.agile.qa.stepDefinitions.BookingTest.click_on_log_out_button_and_validate_it_got_logged_out()&amp#27;[0m
]]></system-out>
  </testcase>
  <testcase name="runScenario[&quot;Book Now button validation&quot;, &quot;Flight Ticket Booking check.&quot;](4)" classname="org.agile.qa.runners.RunnerTests" time="3.342">
    <system-out><![CDATA[
Scenario: Book Now button validation            &amp#27;[90m# src/test/java/org/agile/qa/features/booking.feature:21&amp#27;[0m
19:59:53 INFO  XmlUtils:43 - File read from src/test/java/org/agile/qa/resources/validLoginCreds.xml
19:59:53 INFO  XmlUtils:48 - XML Document Normalized.
19:59:53 INFO  BookingTest:43 - Navigated to login page: https://webapps.tekstac.com/FlightBooking/login.html
  &amp#27;[32mGiven &amp#27;[0m&amp#27;[32mthat I navigate to login page.&amp#27;[0m          &amp#27;[90m# org.agile.qa.stepDefinitions.BookingTest.that_i_navigate_to_login_page()&amp#27;[0m
19:59:54 INFO  BaseAuthPage:118 - Alert found and accepted after login click.
19:59:54 INFO  BookingTest:65 - Login performed with provided credentials.
  &amp#27;[32mAnd &amp#27;[0m&amp#27;[32msuccesfully login with valid credentials.&amp#27;[0m &amp#27;[90m# org.agile.qa.stepDefinitions.BookingTest.succesfully_login_with_valid_credentials(io.cucumber.datatable.DataTable)&amp#27;[0m
    | username    | password    |
    | flightadmin | flightadmin |
19:59:54 INFO  BookingTest:166 - Booking data used: {travelfrom=Noida, travelto=Bengaluru, departuredate=23/12/26, class=Luxury Class, name=Raman, email=raman@ramayana.com, phone=9384028493, noofpassengers=6}
19:59:57 INFO  BookingTest:183 - All input fields set for Booking Form as per excel data.
  &amp#27;[32mThen &amp#27;[0m&amp#27;[32menter valid details.&amp#27;[0m                     &amp#27;[90m# org.agile.qa.stepDefinitions.BookingTest.enter_valid_details()&amp#27;[0m
19:59:57 INFO  BookingTest:196 - Clicked Book Now.
  &amp#27;[32mAnd &amp#27;[0m&amp#27;[32mClick the Book Now button.&amp#27;[0m                &amp#27;[90m# org.agile.qa.stepDefinitions.BookingTest.click_the_book_now_button()&amp#27;[0m
]]></system-out>
  </testcase>
  <testcase name="runScenario[&quot;Remember Me validation&quot;, &quot;Login Funtionality check.&quot;](5)" classname="org.agile.qa.runners.RunnerTests" time="2.915">
    <system-out><![CDATA[
@login
Scenario: Remember Me validation              &amp#27;[90m# src/test/java/org/agile/qa/features/login.feature:7&amp#27;[0m
19:59:57 INFO  LoginTest:43 - Driver initiated at LoginTest
19:59:57 INFO  LoginTest:48 - LoginPage initiated successfully
  &amp#27;[32mGiven &amp#27;[0m&amp#27;[32mnavigate to the application login URL&amp#27;[0m &amp#27;[90m# org.agile.qa.stepDefinitions.LoginTest.navigate_to_the_application_login_url()&amp#27;[0m
19:59:57 INFO  LoginTest:78 - Username sent: 
19:59:57 INFO  LoginTest:79 - Password sent: 
  &amp#27;[32mThen &amp#27;[0m&amp#27;[32mI enter empty data into form fields&amp#27;[0m    &amp#27;[90m# org.agile.qa.stepDefinitions.LoginTest.i_enter_empty_data_into_form_fields(io.cucumber.datatable.DataTable)&amp#27;[0m
    | username | password |
    | [empty]  | [empty]  |
19:59:57 INFO  LoginTest:87 - Set captcha code to empty strings
  &amp#27;[32mThen &amp#27;[0m&amp#27;[32mI leave the captcha field blank.&amp#27;[0m       &amp#27;[90m# org.agile.qa.stepDefinitions.LoginTest.i_leave_the_captcha_field_blank()&amp#27;[0m
19:59:57 INFO  LoginTest:93 - Remeber Me box clicked
  &amp#27;[32mThen &amp#27;[0m&amp#27;[32mI click on Remember Me checkbox.&amp#27;[0m       &amp#27;[90m# org.agile.qa.stepDefinitions.LoginTest.i_click_on_remember_me_checkbox()&amp#27;[0m
19:59:58 INFO  LoginTest:102 - Remember me Popup window, clicked accept
19:59:59 INFO  LoginTest:107 - One more alert present and accepted
  &amp#27;[32mThen &amp#27;[0m&amp#27;[32mI &amp#27;[0m&amp#27;[32m&amp#27;[1m"accept"&amp#27;[0m&amp#27;[32m the popup window&amp#27;[0m            &amp#27;[90m# org.agile.qa.stepDefinitions.LoginTest.i_the_popup_window(java.lang.String)&amp#27;[0m
20:00:00 ERROR LoginTest:131 - Remember Me Error was not present, Try creating appropriate error.
20:00:00 INFO  ScreenshotUtils:60 - Screenshot saved at: /home/windass/Documents/works/cognizant/case-study/sprint2/implementation/flightbooking/./screenshots/loginpage/no_rememberme_error_present_20250728_2000.png
  &amp#27;[32mAnd &amp#27;[0m&amp#27;[32mFinally Remember me error expected.&amp#27;[0m     &amp#27;[90m# org.agile.qa.stepDefinitions.LoginTest.finally_remember_me_error_expected()&amp#27;[0m
]]></system-out>
  </testcase>
  <testcase name="runScenario[&quot;Captcha Validation&quot;, &quot;Login Funtionality check.&quot;](6)" classname="org.agile.qa.runners.RunnerTests" time="0.373">
    <system-out><![CDATA[
@login
Scenario: Captcha Validation                    &amp#27;[90m# src/test/java/org/agile/qa/features/login.feature:16&amp#27;[0m
20:00:00 INFO  LoginTest:43 - Driver initiated at LoginTest
20:00:00 INFO  LoginTest:48 - LoginPage initiated successfully
  &amp#27;[32mGiven &amp#27;[0m&amp#27;[32mnavigate to the application login URL&amp#27;[0m   &amp#27;[90m# org.agile.qa.stepDefinitions.LoginTest.navigate_to_the_application_login_url()&amp#27;[0m
20:00:00 INFO  XmlUtils:43 - File read from src/test/java/org/agile/qa/resources/validLoginCreds.xml
20:00:00 INFO  XmlUtils:48 - XML Document Normalized.
  &amp#27;[32mThen &amp#27;[0m&amp#27;[32mI enter valid data into form fields.&amp#27;[0m     &amp#27;[90m# org.agile.qa.stepDefinitions.LoginTest.i_enter_valid_data_into_form_fields()&amp#27;[0m
  &amp#27;[32mThen &amp#27;[0m&amp#27;[32mI try copying the captcha field.&amp#27;[0m         &amp#27;[90m# org.agile.qa.stepDefinitions.LoginTest.i_try_copying_the_captcha_field()&amp#27;[0m
20:00:00 INFO  ScreenshotUtils:125 - Contextual screenshot saved at: /home/windass/Documents/works/cognizant/case-study/sprint2/implementation/flightbooking/./screenshots/loginpage/captcha_field_copiable_20250728_2000.png
  &amp#27;[32mAnd &amp#27;[0m&amp#27;[32mthe captcha field should not get copyied.&amp#27;[0m &amp#27;[90m# org.agile.qa.stepDefinitions.LoginTest.the_captcha_field_should_not_get_copyied()&amp#27;[0m
]]></system-out>
  </testcase>
  <testcase name="runScenario[&quot;Password Reset&quot;, &quot;Login Funtionality check.&quot;](7)" classname="org.agile.qa.runners.RunnerTests" time="0.328">
    <system-out><![CDATA[
@login
Scenario: Password Reset                       &amp#27;[90m# src/test/java/org/agile/qa/features/login.feature:21&amp#27;[0m
20:00:00 INFO  LoginTest:43 - Driver initiated at LoginTest
20:00:00 INFO  LoginTest:48 - LoginPage initiated successfully
  &amp#27;[32mGiven &amp#27;[0m&amp#27;[32mnavigate to the application login URL&amp#27;[0m  &amp#27;[90m# org.agile.qa.stepDefinitions.LoginTest.navigate_to_the_application_login_url()&amp#27;[0m
  &amp#27;[32mThen &amp#27;[0m&amp#27;[32mI click on the password reset form.&amp#27;[0m     &amp#27;[90m# org.agile.qa.stepDefinitions.LoginTest.i_click_on_the_password_reset_form()&amp#27;[0m
20:00:00 INFO  ScreenshotUtils:60 - Screenshot saved at: /home/windass/Documents/works/cognizant/case-study/sprint2/implementation/flightbooking/./screenshots/loginpage/password_reset_form_not_working_20250728_2000.png
20:00:00 ERROR LoginTest:177 - Password Reset Form is not present
  &amp#27;[32mAnd &amp#27;[0m&amp#27;[32mI get to see the password reset form.&amp#27;[0m    &amp#27;[90m# org.agile.qa.stepDefinitions.LoginTest.i_get_to_see_the_password_reset_form()&amp#27;[0m
  &amp#27;[32mThen &amp#27;[0m&amp#27;[32menter the email id.&amp#27;[0m                     &amp#27;[90m# org.agile.qa.stepDefinitions.LoginTest.enter_the_email_id()&amp#27;[0m
  &amp#27;[32mThen &amp#27;[0m&amp#27;[32menter the &amp#27;[0m&amp#27;[32m&amp#27;[1m'OTP'&amp#27;[0m&amp#27;[32m received for that mail.&amp#27;[0m &amp#27;[90m# org.agile.qa.stepDefinitions.LoginTest.enter_the_received_for_that_mail(java.lang.String)&amp#27;[0m
  &amp#27;[32mAnd &amp#27;[0m&amp#27;[32mfinally set new password and submit.&amp#27;[0m     &amp#27;[90m# org.agile.qa.stepDefinitions.LoginTest.finally_set_new_password_and_submit()&amp#27;[0m
]]></system-out>
  </testcase>
  <testcase name="runScenario[&quot;Unauthenticated users should not access the booking page.&quot;, &quot;Login Funtionality check.&quot;](8)" classname="org.agile.qa.runners.RunnerTests" time="10.367">
    <system-out><![CDATA[
@login
Scenario: Unauthenticated users should not access the booking page. &amp#27;[90m# src/test/java/org/agile/qa/features/login.feature:28&amp#27;[0m
20:00:00 INFO  LoginTest:43 - Driver initiated at LoginTest
20:00:00 INFO  LoginTest:48 - LoginPage initiated successfully
  &amp#27;[32mGiven &amp#27;[0m&amp#27;[32mnavigate to the application login URL&amp#27;[0m                       &amp#27;[90m# org.agile.qa.stepDefinitions.LoginTest.navigate_to_the_application_login_url()&amp#27;[0m
  &amp#27;[32mWhen &amp#27;[0m&amp#27;[32mdirectly access the booking page URL&amp#27;[0m                         &amp#27;[90m# org.agile.qa.stepDefinitions.LoginTest.directly_access_the_booking_page_url()&amp#27;[0m
20:00:06 WARN  LoginTest:212 - TODO: Handle timeout scenario for login page detection.
  &amp#27;[32mThen &amp#27;[0m&amp#27;[32mthe user should be redirected to the login page&amp#27;[0m              &amp#27;[90m# org.agile.qa.stepDefinitions.LoginTest.the_user_should_be_redirected_to_the_login_page()&amp#27;[0m
20:00:11 ERROR LoginTest:226 - No access-denied error displayed; further checks needed.
20:00:11 INFO  ScreenshotUtils:60 - Screenshot saved at: /home/windass/Documents/works/cognizant/case-study/sprint2/implementation/flightbooking/./screenshots/loginpage/No_access_denied_error_displayed_20250728_2000.png
20:00:11 WARN  LoginTest:232 - TODO: Proper verification for booking page access denial not yet implemented.
  &amp#27;[32mAnd &amp#27;[0m&amp#27;[32mthe booking page should not be accessible&amp#27;[0m                     &amp#27;[90m# org.agile.qa.stepDefinitions.LoginTest.the_booking_page_should_not_be_accessible()&amp#27;[0m
]]></system-out>
  </testcase>
</testsuite>