<?xml version="1.0" encoding="UTF-8"?>
<testsuite xmlns:xsi="http://www.w3.org/2001/XMLSchema-instance" xsi:noNamespaceSchemaLocation="https://maven.apache.org/surefire/maven-surefire-plugin/xsd/surefire-test-report-3.0.xsd" version="3.0" name="TestSuite" time="6.88" tests="4" errors="0" skipped="0" failures="3">
  <properties>
    <property name="java.specification.version" value="21"/>
    <property name="sun.jnu.encoding" value="UTF-8"/>
    <property name="java.class.path" value="/home/windass/Documents/works/cognizant/case-study/sprint2/implementation/flightbooking/target/test-classes:/home/windass/Documents/works/cognizant/case-study/sprint2/implementation/flightbooking/target/classes:/home/windass/.m2/repository/org/seleniumhq/selenium/selenium-java/4.11.0/selenium-java-4.11.0.jar:/home/windass/.m2/repository/org/seleniumhq/selenium/selenium-api/4.11.0/selenium-api-4.11.0.jar:/home/windass/.m2/repository/org/seleniumhq/selenium/selenium-chrome-driver/4.11.0/selenium-chrome-driver-4.11.0.jar:/home/windass/.m2/repository/com/google/auto/service/auto-service-annotations/1.0.1/auto-service-annotations-1.0.1.jar:/home/windass/.m2/repository/com/google/guava/guava/31.1-jre/guava-31.1-jre.jar:/home/windass/.m2/repository/com/google/guava/failureaccess/1.0.1/failureaccess-1.0.1.jar:/home/windass/.m2/repository/com/google/guava/listenablefuture/9999.0-empty-to-avoid-conflict-with-guava/listenablefuture-9999.0-empty-to-avoid-conflict-with-guava.jar:/home/windass/.m2/repository/com/google/code/findbugs/jsr305/3.0.2/jsr305-3.0.2.jar:/home/windass/.m2/repository/org/checkerframework/checker-qual/3.12.0/checker-qual-3.12.0.jar:/home/windass/.m2/repository/com/google/errorprone/error_prone_annotations/2.11.0/error_prone_annotations-2.11.0.jar:/home/windass/.m2/repository/com/google/j2objc/j2objc-annotations/1.3/j2objc-annotations-1.3.jar:/home/windass/.m2/repository/org/seleniumhq/selenium/selenium-chromium-driver/4.11.0/selenium-chromium-driver-4.11.0.jar:/home/windass/.m2/repository/org/seleniumhq/selenium/selenium-json/4.11.0/selenium-json-4.11.0.jar:/home/windass/.m2/repository/org/seleniumhq/selenium/selenium-manager/4.11.0/selenium-manager-4.11.0.jar:/home/windass/.m2/repository/org/seleniumhq/selenium/selenium-devtools-v113/4.11.0/selenium-devtools-v113-4.11.0.jar:/home/windass/.m2/repository/org/seleniumhq/selenium/selenium-devtools-v114/4.11.0/selenium-devtools-v114-4.11.0.jar:/home/windass/.m2/repository/org/seleniumhq/selenium/selenium-devtools-v115/4.11.0/selenium-devtools-v115-4.11.0.jar:/home/windass/.m2/repository/org/seleniumhq/selenium/selenium-devtools-v85/4.11.0/selenium-devtools-v85-4.11.0.jar:/home/windass/.m2/repository/org/seleniumhq/selenium/selenium-edge-driver/4.11.0/selenium-edge-driver-4.11.0.jar:/home/windass/.m2/repository/org/seleniumhq/selenium/selenium-firefox-driver/4.11.0/selenium-firefox-driver-4.11.0.jar:/home/windass/.m2/repository/org/seleniumhq/selenium/selenium-http/4.11.0/selenium-http-4.11.0.jar:/home/windass/.m2/repository/dev/failsafe/failsafe/3.3.1/failsafe-3.3.1.jar:/home/windass/.m2/repository/org/seleniumhq/selenium/selenium-ie-driver/4.11.0/selenium-ie-driver-4.11.0.jar:/home/windass/.m2/repository/org/seleniumhq/selenium/selenium-remote-driver/4.11.0/selenium-remote-driver-4.11.0.jar:/home/windass/.m2/repository/io/netty/netty-buffer/4.1.92.Final/netty-buffer-4.1.92.Final.jar:/home/windass/.m2/repository/io/netty/netty-codec-http/4.1.92.Final/netty-codec-http-4.1.92.Final.jar:/home/windass/.m2/repository/io/netty/netty-codec/4.1.92.Final/netty-codec-4.1.92.Final.jar:/home/windass/.m2/repository/io/netty/netty-handler/4.1.92.Final/netty-handler-4.1.92.Final.jar:/home/windass/.m2/repository/io/netty/netty-common/4.1.92.Final/netty-common-4.1.92.Final.jar:/home/windass/.m2/repository/io/netty/netty-transport-classes-epoll/4.1.92.Final/netty-transport-classes-epoll-4.1.92.Final.jar:/home/windass/.m2/repository/io/netty/netty-transport-classes-kqueue/4.1.92.Final/netty-transport-classes-kqueue-4.1.92.Final.jar:/home/windass/.m2/repository/io/netty/netty-transport-native-epoll/4.1.92.Final/netty-transport-native-epoll-4.1.92.Final.jar:/home/windass/.m2/repository/io/netty/netty-transport-native-kqueue/4.1.92.Final/netty-transport-native-kqueue-4.1.92.Final.jar:/home/windass/.m2/repository/io/netty/netty-transport-native-unix-common/4.1.92.Final/netty-transport-native-unix-common-4.1.92.Final.jar:/home/windass/.m2/repository/io/netty/netty-transport/4.1.92.Final/netty-transport-4.1.92.Final.jar:/home/windass/.m2/repository/io/netty/netty-resolver/4.1.92.Final/netty-resolver-4.1.92.Final.jar:/home/windass/.m2/repository/io/opentelemetry/opentelemetry-api/1.26.0/opentelemetry-api-1.26.0.jar:/home/windass/.m2/repository/io/opentelemetry/opentelemetry-context/1.26.0/opentelemetry-context-1.26.0.jar:/home/windass/.m2/repository/io/opentelemetry/opentelemetry-exporter-logging/1.26.0/opentelemetry-exporter-logging-1.26.0.jar:/home/windass/.m2/repository/io/opentelemetry/opentelemetry-sdk-metrics/1.26.0/opentelemetry-sdk-metrics-1.26.0.jar:/home/windass/.m2/repository/io/opentelemetry/opentelemetry-extension-incubator/1.26.0-alpha/opentelemetry-extension-incubator-1.26.0-alpha.jar:/home/windass/.m2/repository/io/opentelemetry/opentelemetry-sdk-logs/1.26.0-alpha/opentelemetry-sdk-logs-1.26.0-alpha.jar:/home/windass/.m2/repository/io/opentelemetry/opentelemetry-api-logs/1.26.0-alpha/opentelemetry-api-logs-1.26.0-alpha.jar:/home/windass/.m2/repository/io/opentelemetry/opentelemetry-api-events/1.26.0-alpha/opentelemetry-api-events-1.26.0-alpha.jar:/home/windass/.m2/repository/io/opentelemetry/opentelemetry-sdk-common/1.26.0/opentelemetry-sdk-common-1.26.0.jar:/home/windass/.m2/repository/io/opentelemetry/opentelemetry-sdk-extension-autoconfigure-spi/1.26.0/opentelemetry-sdk-extension-autoconfigure-spi-1.26.0.jar:/home/windass/.m2/repository/io/opentelemetry/opentelemetry-sdk-extension-autoconfigure/1.26.0-alpha/opentelemetry-sdk-extension-autoconfigure-1.26.0-alpha.jar:/home/windass/.m2/repository/io/opentelemetry/opentelemetry-sdk-trace/1.26.0/opentelemetry-sdk-trace-1.26.0.jar:/home/windass/.m2/repository/io/opentelemetry/opentelemetry-sdk/1.26.0/opentelemetry-sdk-1.26.0.jar:/home/windass/.m2/repository/io/opentelemetry/opentelemetry-semconv/1.26.0-alpha/opentelemetry-semconv-1.26.0-alpha.jar:/home/windass/.m2/repository/net/bytebuddy/byte-buddy/1.14.4/byte-buddy-1.14.4.jar:/home/windass/.m2/repository/org/apache/commons/commons-exec/1.3/commons-exec-1.3.jar:/home/windass/.m2/repository/org/asynchttpclient/async-http-client/2.12.3/async-http-client-2.12.3.jar:/home/windass/.m2/repository/org/asynchttpclient/async-http-client-netty-utils/2.12.3/async-http-client-netty-utils-2.12.3.jar:/home/windass/.m2/repository/io/netty/netty-codec-socks/4.1.60.Final/netty-codec-socks-4.1.60.Final.jar:/home/windass/.m2/repository/io/netty/netty-handler-proxy/4.1.60.Final/netty-handler-proxy-4.1.60.Final.jar:/home/windass/.m2/repository/io/netty/netty-transport-native-epoll/4.1.60.Final/netty-transport-native-epoll-4.1.60.Final-linux-x86_64.jar:/home/windass/.m2/repository/io/netty/netty-transport-native-kqueue/4.1.60.Final/netty-transport-native-kqueue-4.1.60.Final-osx-x86_64.jar:/home/windass/.m2/repository/org/reactivestreams/reactive-streams/1.0.3/reactive-streams-1.0.3.jar:/home/windass/.m2/repository/com/typesafe/netty/netty-reactive-streams/2.0.4/netty-reactive-streams-2.0.4.jar:/home/windass/.m2/repository/com/sun/activation/jakarta.activation/1.2.2/jakarta.activation-1.2.2.jar:/home/windass/.m2/repository/org/seleniumhq/selenium/selenium-safari-driver/4.11.0/selenium-safari-driver-4.11.0.jar:/home/windass/.m2/repository/org/seleniumhq/selenium/selenium-support/4.11.0/selenium-support-4.11.0.jar:/home/windass/.m2/repository/org/testng/testng/6.11/testng-6.11.jar:/home/windass/.m2/repository/com/beust/jcommander/1.64/jcommander-1.64.jar:/home/windass/.m2/repository/org/yaml/snakeyaml/1.17/snakeyaml-1.17.jar:/home/windass/.m2/repository/io/cucumber/cucumber-java/7.13.0/cucumber-java-7.13.0.jar:/home/windass/.m2/repository/io/cucumber/cucumber-core/7.13.0/cucumber-core-7.13.0.jar:/home/windass/.m2/repository/io/cucumber/cucumber-gherkin/7.13.0/cucumber-gherkin-7.13.0.jar:/home/windass/.m2/repository/io/cucumber/cucumber-gherkin-messages/7.13.0/cucumber-gherkin-messages-7.13.0.jar:/home/windass/.m2/repository/io/cucumber/tag-expressions/5.0.1/tag-expressions-5.0.1.jar:/home/windass/.m2/repository/io/cucumber/cucumber-expressions/16.1.2/cucumber-expressions-16.1.2.jar:/home/windass/.m2/repository/io/cucumber/datatable/7.13.0/datatable-7.13.0.jar:/home/windass/.m2/repository/io/cucumber/cucumber-plugin/7.13.0/cucumber-plugin-7.13.0.jar:/home/windass/.m2/repository/io/cucumber/docstring/7.13.0/docstring-7.13.0.jar:/home/windass/.m2/repository/io/cucumber/html-formatter/20.3.1/html-formatter-20.3.1.jar:/home/windass/.m2/repository/io/cucumber/junit-xml-formatter/0.2.0/junit-xml-formatter-0.2.0.jar:/home/windass/.m2/repository/io/cucumber/ci-environment/9.2.0/ci-environment-9.2.0.jar:/home/windass/.m2/repository/org/apiguardian/apiguardian-api/1.1.2/apiguardian-api-1.1.2.jar:/home/windass/.m2/repository/io/cucumber/cucumber-testng/7.13.0/cucumber-testng-7.13.0.jar:/home/windass/.m2/repository/io/cucumber/gherkin/26.2.0/gherkin-26.2.0.jar:/home/windass/.m2/repository/io/cucumber/messages/22.0.0/messages-22.0.0.jar:/home/windass/.m2/repository/org/apache/poi/poi-ooxml/5.2.3/poi-ooxml-5.2.3.jar:/home/windass/.m2/repository/org/apache/poi/poi/5.2.3/poi-5.2.3.jar:/home/windass/.m2/repository/commons-codec/commons-codec/1.15/commons-codec-1.15.jar:/home/windass/.m2/repository/org/apache/commons/commons-math3/3.6.1/commons-math3-3.6.1.jar:/home/windass/.m2/repository/com/zaxxer/SparseBitSet/1.2/SparseBitSet-1.2.jar:/home/windass/.m2/repository/org/apache/poi/poi-ooxml-lite/5.2.3/poi-ooxml-lite-5.2.3.jar:/home/windass/.m2/repository/org/apache/xmlbeans/xmlbeans/5.1.1/xmlbeans-5.1.1.jar:/home/windass/.m2/repository/org/apache/commons/commons-compress/1.21/commons-compress-1.21.jar:/home/windass/.m2/repository/commons-io/commons-io/2.11.0/commons-io-2.11.0.jar:/home/windass/.m2/repository/com/github/virtuald/curvesapi/1.07/curvesapi-1.07.jar:/home/windass/.m2/repository/org/apache/commons/commons-collections4/4.4/commons-collections4-4.4.jar:/home/windass/.m2/repository/org/slf4j/slf4j-api/2.0.13/slf4j-api-2.0.13.jar:/home/windass/.m2/repository/org/apache/logging/log4j/log4j-slf4j2-impl/2.23.1/log4j-slf4j2-impl-2.23.1.jar:/home/windass/.m2/repository/com/fasterxml/jackson/core/jackson-databind/2.16.1/jackson-databind-2.16.1.jar:/home/windass/.m2/repository/com/fasterxml/jackson/core/jackson-annotations/2.16.1/jackson-annotations-2.16.1.jar:/home/windass/.m2/repository/com/fasterxml/jackson/core/jackson-core/2.16.1/jackson-core-2.16.1.jar:/home/windass/.m2/repository/org/apache/logging/log4j/log4j-api/2.23.1/log4j-api-2.23.1.jar:/home/windass/.m2/repository/org/apache/logging/log4j/log4j-core/2.23.1/log4j-core-2.23.1.jar:"/>
    <property name="java.vm.vendor" value="Debian"/>
    <property name="sun.arch.data.model" value="64"/>
    <property name="java.vendor.url" value="https://tracker.debian.org/openjdk-21"/>
    <property name="user.timezone" value="Asia/Kolkata"/>
    <property name="os.name" value="Linux"/>
    <property name="java.vm.specification.version" value="21"/>
    <property name="sun.java.launcher" value="SUN_STANDARD"/>
    <property name="user.country" value="IN"/>
    <property name="sun.boot.library.path" value="/usr/lib/jvm/java-21-openjdk-amd64/lib"/>
    <property name="sun.java.command" value="/home/windass/Documents/works/cognizant/case-study/sprint2/implementation/flightbooking/target/surefire/surefirebooter-20250724152944327_3.jar /home/windass/Documents/works/cognizant/case-study/sprint2/implementation/flightbooking/target/surefire 2025-07-24T15-29-44_218-jvmRun1 surefire-20250724152944327_1tmp surefire_0-20250724152944327_2tmp"/>
    <property name="jdk.debug" value="release"/>
    <property name="surefire.test.class.path" value="/home/windass/Documents/works/cognizant/case-study/sprint2/implementation/flightbooking/target/test-classes:/home/windass/Documents/works/cognizant/case-study/sprint2/implementation/flightbooking/target/classes:/home/windass/.m2/repository/org/seleniumhq/selenium/selenium-java/4.11.0/selenium-java-4.11.0.jar:/home/windass/.m2/repository/org/seleniumhq/selenium/selenium-api/4.11.0/selenium-api-4.11.0.jar:/home/windass/.m2/repository/org/seleniumhq/selenium/selenium-chrome-driver/4.11.0/selenium-chrome-driver-4.11.0.jar:/home/windass/.m2/repository/com/google/auto/service/auto-service-annotations/1.0.1/auto-service-annotations-1.0.1.jar:/home/windass/.m2/repository/com/google/guava/guava/31.1-jre/guava-31.1-jre.jar:/home/windass/.m2/repository/com/google/guava/failureaccess/1.0.1/failureaccess-1.0.1.jar:/home/windass/.m2/repository/com/google/guava/listenablefuture/9999.0-empty-to-avoid-conflict-with-guava/listenablefuture-9999.0-empty-to-avoid-conflict-with-guava.jar:/home/windass/.m2/repository/com/google/code/findbugs/jsr305/3.0.2/jsr305-3.0.2.jar:/home/windass/.m2/repository/org/checkerframework/checker-qual/3.12.0/checker-qual-3.12.0.jar:/home/windass/.m2/repository/com/google/errorprone/error_prone_annotations/2.11.0/error_prone_annotations-2.11.0.jar:/home/windass/.m2/repository/com/google/j2objc/j2objc-annotations/1.3/j2objc-annotations-1.3.jar:/home/windass/.m2/repository/org/seleniumhq/selenium/selenium-chromium-driver/4.11.0/selenium-chromium-driver-4.11.0.jar:/home/windass/.m2/repository/org/seleniumhq/selenium/selenium-json/4.11.0/selenium-json-4.11.0.jar:/home/windass/.m2/repository/org/seleniumhq/selenium/selenium-manager/4.11.0/selenium-manager-4.11.0.jar:/home/windass/.m2/repository/org/seleniumhq/selenium/selenium-devtools-v113/4.11.0/selenium-devtools-v113-4.11.0.jar:/home/windass/.m2/repository/org/seleniumhq/selenium/selenium-devtools-v114/4.11.0/selenium-devtools-v114-4.11.0.jar:/home/windass/.m2/repository/org/seleniumhq/selenium/selenium-devtools-v115/4.11.0/selenium-devtools-v115-4.11.0.jar:/home/windass/.m2/repository/org/seleniumhq/selenium/selenium-devtools-v85/4.11.0/selenium-devtools-v85-4.11.0.jar:/home/windass/.m2/repository/org/seleniumhq/selenium/selenium-edge-driver/4.11.0/selenium-edge-driver-4.11.0.jar:/home/windass/.m2/repository/org/seleniumhq/selenium/selenium-firefox-driver/4.11.0/selenium-firefox-driver-4.11.0.jar:/home/windass/.m2/repository/org/seleniumhq/selenium/selenium-http/4.11.0/selenium-http-4.11.0.jar:/home/windass/.m2/repository/dev/failsafe/failsafe/3.3.1/failsafe-3.3.1.jar:/home/windass/.m2/repository/org/seleniumhq/selenium/selenium-ie-driver/4.11.0/selenium-ie-driver-4.11.0.jar:/home/windass/.m2/repository/org/seleniumhq/selenium/selenium-remote-driver/4.11.0/selenium-remote-driver-4.11.0.jar:/home/windass/.m2/repository/io/netty/netty-buffer/4.1.92.Final/netty-buffer-4.1.92.Final.jar:/home/windass/.m2/repository/io/netty/netty-codec-http/4.1.92.Final/netty-codec-http-4.1.92.Final.jar:/home/windass/.m2/repository/io/netty/netty-codec/4.1.92.Final/netty-codec-4.1.92.Final.jar:/home/windass/.m2/repository/io/netty/netty-handler/4.1.92.Final/netty-handler-4.1.92.Final.jar:/home/windass/.m2/repository/io/netty/netty-common/4.1.92.Final/netty-common-4.1.92.Final.jar:/home/windass/.m2/repository/io/netty/netty-transport-classes-epoll/4.1.92.Final/netty-transport-classes-epoll-4.1.92.Final.jar:/home/windass/.m2/repository/io/netty/netty-transport-classes-kqueue/4.1.92.Final/netty-transport-classes-kqueue-4.1.92.Final.jar:/home/windass/.m2/repository/io/netty/netty-transport-native-epoll/4.1.92.Final/netty-transport-native-epoll-4.1.92.Final.jar:/home/windass/.m2/repository/io/netty/netty-transport-native-kqueue/4.1.92.Final/netty-transport-native-kqueue-4.1.92.Final.jar:/home/windass/.m2/repository/io/netty/netty-transport-native-unix-common/4.1.92.Final/netty-transport-native-unix-common-4.1.92.Final.jar:/home/windass/.m2/repository/io/netty/netty-transport/4.1.92.Final/netty-transport-4.1.92.Final.jar:/home/windass/.m2/repository/io/netty/netty-resolver/4.1.92.Final/netty-resolver-4.1.92.Final.jar:/home/windass/.m2/repository/io/opentelemetry/opentelemetry-api/1.26.0/opentelemetry-api-1.26.0.jar:/home/windass/.m2/repository/io/opentelemetry/opentelemetry-context/1.26.0/opentelemetry-context-1.26.0.jar:/home/windass/.m2/repository/io/opentelemetry/opentelemetry-exporter-logging/1.26.0/opentelemetry-exporter-logging-1.26.0.jar:/home/windass/.m2/repository/io/opentelemetry/opentelemetry-sdk-metrics/1.26.0/opentelemetry-sdk-metrics-1.26.0.jar:/home/windass/.m2/repository/io/opentelemetry/opentelemetry-extension-incubator/1.26.0-alpha/opentelemetry-extension-incubator-1.26.0-alpha.jar:/home/windass/.m2/repository/io/opentelemetry/opentelemetry-sdk-logs/1.26.0-alpha/opentelemetry-sdk-logs-1.26.0-alpha.jar:/home/windass/.m2/repository/io/opentelemetry/opentelemetry-api-logs/1.26.0-alpha/opentelemetry-api-logs-1.26.0-alpha.jar:/home/windass/.m2/repository/io/opentelemetry/opentelemetry-api-events/1.26.0-alpha/opentelemetry-api-events-1.26.0-alpha.jar:/home/windass/.m2/repository/io/opentelemetry/opentelemetry-sdk-common/1.26.0/opentelemetry-sdk-common-1.26.0.jar:/home/windass/.m2/repository/io/opentelemetry/opentelemetry-sdk-extension-autoconfigure-spi/1.26.0/opentelemetry-sdk-extension-autoconfigure-spi-1.26.0.jar:/home/windass/.m2/repository/io/opentelemetry/opentelemetry-sdk-extension-autoconfigure/1.26.0-alpha/opentelemetry-sdk-extension-autoconfigure-1.26.0-alpha.jar:/home/windass/.m2/repository/io/opentelemetry/opentelemetry-sdk-trace/1.26.0/opentelemetry-sdk-trace-1.26.0.jar:/home/windass/.m2/repository/io/opentelemetry/opentelemetry-sdk/1.26.0/opentelemetry-sdk-1.26.0.jar:/home/windass/.m2/repository/io/opentelemetry/opentelemetry-semconv/1.26.0-alpha/opentelemetry-semconv-1.26.0-alpha.jar:/home/windass/.m2/repository/net/bytebuddy/byte-buddy/1.14.4/byte-buddy-1.14.4.jar:/home/windass/.m2/repository/org/apache/commons/commons-exec/1.3/commons-exec-1.3.jar:/home/windass/.m2/repository/org/asynchttpclient/async-http-client/2.12.3/async-http-client-2.12.3.jar:/home/windass/.m2/repository/org/asynchttpclient/async-http-client-netty-utils/2.12.3/async-http-client-netty-utils-2.12.3.jar:/home/windass/.m2/repository/io/netty/netty-codec-socks/4.1.60.Final/netty-codec-socks-4.1.60.Final.jar:/home/windass/.m2/repository/io/netty/netty-handler-proxy/4.1.60.Final/netty-handler-proxy-4.1.60.Final.jar:/home/windass/.m2/repository/io/netty/netty-transport-native-epoll/4.1.60.Final/netty-transport-native-epoll-4.1.60.Final-linux-x86_64.jar:/home/windass/.m2/repository/io/netty/netty-transport-native-kqueue/4.1.60.Final/netty-transport-native-kqueue-4.1.60.Final-osx-x86_64.jar:/home/windass/.m2/repository/org/reactivestreams/reactive-streams/1.0.3/reactive-streams-1.0.3.jar:/home/windass/.m2/repository/com/typesafe/netty/netty-reactive-streams/2.0.4/netty-reactive-streams-2.0.4.jar:/home/windass/.m2/repository/com/sun/activation/jakarta.activation/1.2.2/jakarta.activation-1.2.2.jar:/home/windass/.m2/repository/org/seleniumhq/selenium/selenium-safari-driver/4.11.0/selenium-safari-driver-4.11.0.jar:/home/windass/.m2/repository/org/seleniumhq/selenium/selenium-support/4.11.0/selenium-support-4.11.0.jar:/home/windass/.m2/repository/org/testng/testng/6.11/testng-6.11.jar:/home/windass/.m2/repository/com/beust/jcommander/1.64/jcommander-1.64.jar:/home/windass/.m2/repository/org/yaml/snakeyaml/1.17/snakeyaml-1.17.jar:/home/windass/.m2/repository/io/cucumber/cucumber-java/7.13.0/cucumber-java-7.13.0.jar:/home/windass/.m2/repository/io/cucumber/cucumber-core/7.13.0/cucumber-core-7.13.0.jar:/home/windass/.m2/repository/io/cucumber/cucumber-gherkin/7.13.0/cucumber-gherkin-7.13.0.jar:/home/windass/.m2/repository/io/cucumber/cucumber-gherkin-messages/7.13.0/cucumber-gherkin-messages-7.13.0.jar:/home/windass/.m2/repository/io/cucumber/tag-expressions/5.0.1/tag-expressions-5.0.1.jar:/home/windass/.m2/repository/io/cucumber/cucumber-expressions/16.1.2/cucumber-expressions-16.1.2.jar:/home/windass/.m2/repository/io/cucumber/datatable/7.13.0/datatable-7.13.0.jar:/home/windass/.m2/repository/io/cucumber/cucumber-plugin/7.13.0/cucumber-plugin-7.13.0.jar:/home/windass/.m2/repository/io/cucumber/docstring/7.13.0/docstring-7.13.0.jar:/home/windass/.m2/repository/io/cucumber/html-formatter/20.3.1/html-formatter-20.3.1.jar:/home/windass/.m2/repository/io/cucumber/junit-xml-formatter/0.2.0/junit-xml-formatter-0.2.0.jar:/home/windass/.m2/repository/io/cucumber/ci-environment/9.2.0/ci-environment-9.2.0.jar:/home/windass/.m2/repository/org/apiguardian/apiguardian-api/1.1.2/apiguardian-api-1.1.2.jar:/home/windass/.m2/repository/io/cucumber/cucumber-testng/7.13.0/cucumber-testng-7.13.0.jar:/home/windass/.m2/repository/io/cucumber/gherkin/26.2.0/gherkin-26.2.0.jar:/home/windass/.m2/repository/io/cucumber/messages/22.0.0/messages-22.0.0.jar:/home/windass/.m2/repository/org/apache/poi/poi-ooxml/5.2.3/poi-ooxml-5.2.3.jar:/home/windass/.m2/repository/org/apache/poi/poi/5.2.3/poi-5.2.3.jar:/home/windass/.m2/repository/commons-codec/commons-codec/1.15/commons-codec-1.15.jar:/home/windass/.m2/repository/org/apache/commons/commons-math3/3.6.1/commons-math3-3.6.1.jar:/home/windass/.m2/repository/com/zaxxer/SparseBitSet/1.2/SparseBitSet-1.2.jar:/home/windass/.m2/repository/org/apache/poi/poi-ooxml-lite/5.2.3/poi-ooxml-lite-5.2.3.jar:/home/windass/.m2/repository/org/apache/xmlbeans/xmlbeans/5.1.1/xmlbeans-5.1.1.jar:/home/windass/.m2/repository/org/apache/commons/commons-compress/1.21/commons-compress-1.21.jar:/home/windass/.m2/repository/commons-io/commons-io/2.11.0/commons-io-2.11.0.jar:/home/windass/.m2/repository/com/github/virtuald/curvesapi/1.07/curvesapi-1.07.jar:/home/windass/.m2/repository/org/apache/commons/commons-collections4/4.4/commons-collections4-4.4.jar:/home/windass/.m2/repository/org/slf4j/slf4j-api/2.0.13/slf4j-api-2.0.13.jar:/home/windass/.m2/repository/org/apache/logging/log4j/log4j-slf4j2-impl/2.23.1/log4j-slf4j2-impl-2.23.1.jar:/home/windass/.m2/repository/com/fasterxml/jackson/core/jackson-databind/2.16.1/jackson-databind-2.16.1.jar:/home/windass/.m2/repository/com/fasterxml/jackson/core/jackson-annotations/2.16.1/jackson-annotations-2.16.1.jar:/home/windass/.m2/repository/com/fasterxml/jackson/core/jackson-core/2.16.1/jackson-core-2.16.1.jar:/home/windass/.m2/repository/org/apache/logging/log4j/log4j-api/2.23.1/log4j-api-2.23.1.jar:/home/windass/.m2/repository/org/apache/logging/log4j/log4j-core/2.23.1/log4j-core-2.23.1.jar:"/>
    <property name="sun.cpu.endian" value="little"/>
    <property name="user.home" value="/home/windass"/>
    <property name="user.language" value="en"/>
    <property name="java.specification.vendor" value="Oracle Corporation"/>
    <property name="java.version.date" value="2025-04-15"/>
    <property name="java.home" value="/usr/lib/jvm/java-21-openjdk-amd64"/>
    <property name="file.separator" value="/"/>
    <property name="basedir" value="/home/windass/Documents/works/cognizant/case-study/sprint2/implementation/flightbooking"/>
    <property name="style.color" value="always"/>
    <property name="java.vm.compressedOopsMode" value="32-bit"/>
    <property name="line.separator" value="&#10;"/>
    <property name="java.vm.specification.vendor" value="Oracle Corporation"/>
    <property name="java.specification.name" value="Java Platform API Specification"/>
    <property name="surefire.real.class.path" value="/home/windass/Documents/works/cognizant/case-study/sprint2/implementation/flightbooking/target/surefire/surefirebooter-20250724152944327_3.jar"/>
    <property name="sun.management.compiler" value="HotSpot 64-Bit Tiered Compilers"/>
    <property name="java.runtime.version" value="21.0.7+6-Debian-1"/>
    <property name="user.name" value="windass"/>
    <property name="stdout.encoding" value="UTF-8"/>
    <property name="path.separator" value=":"/>
    <property name="os.version" value="6.12.33+kali-amd64"/>
    <property name="java.runtime.name" value="OpenJDK Runtime Environment"/>
    <property name="file.encoding" value="UTF-8"/>
    <property name="java.vm.name" value="OpenJDK 64-Bit Server VM"/>
    <property name="localRepository" value="/home/windass/.m2/repository"/>
    <property name="java.vendor.url.bug" value="https://bugs.debian.org/openjdk-21"/>
    <property name="java.io.tmpdir" value="/tmp"/>
    <property name="java.version" value="21.0.7"/>
    <property name="user.dir" value="/home/windass/Documents/works/cognizant/case-study/sprint2/implementation/flightbooking"/>
    <property name="os.arch" value="amd64"/>
    <property name="webdriver.gecko.driver" value="/usr/bin/geckodriver"/>
    <property name="java.vm.specification.name" value="Java Virtual Machine Specification"/>
    <property name="native.encoding" value="UTF-8"/>
    <property name="java.library.path" value="/usr/java/packages/lib:/usr/lib/x86_64-linux-gnu/jni:/lib/x86_64-linux-gnu:/usr/lib/x86_64-linux-gnu:/usr/lib/jni:/lib:/usr/lib"/>
    <property name="java.vm.info" value="mixed mode, sharing"/>
    <property name="stderr.encoding" value="UTF-8"/>
    <property name="java.vendor" value="Debian"/>
    <property name="java.vm.version" value="21.0.7+6-Debian-1"/>
    <property name="sun.io.unicode.encoding" value="UnicodeLittle"/>
    <property name="java.class.version" value="65.0"/>
  </properties>
  <testcase name="runScenario[&quot;Remember Me validation&quot;, &quot;Login Funtionality check.&quot;](1)" classname="org.agile.qa.runners.RunnerTests" time="6.262">
    <system-out><![CDATA[
@login
Scenario: Remember Me validation              &amp#27;[90m# src/test/java/org/agile/qa/features/login.feature:7&amp#27;[0m
2025-07-24T09:59:45.350396838Z main DEBUG Apache Log4j Core 2.23 initializing configuration XmlConfiguration[location=/home/windass/Documents/works/cognizant/case-study/sprint2/implementation/flightbooking/target/test-classes/log4j2.xml]
2025-07-24T09:59:45.352170848Z main DEBUG PluginManager 'Core' found 131 plugins
2025-07-24T09:59:45.352373113Z main DEBUG PluginManager 'Level' found 0 plugins
2025-07-24T09:59:45.354737786Z main DEBUG PluginManager 'Lookup' found 16 plugins
2025-07-24T09:59:45.355882093Z main DEBUG Building Plugin[name=layout, class=org.apache.logging.log4j.core.layout.PatternLayout].
2025-07-24T09:59:45.361412117Z main DEBUG PluginManager 'TypeConverter' found 26 plugins
2025-07-24T09:59:45.372051501Z main DEBUG PatternLayout$Builder(pattern="%d{yyyy-MM-dd HH:mm:ss} [%t] %-5level %logger{36} - %msg%n", PatternSelector=null, Configuration(/home/windass/Documents/works/cognizant/case-study/sprint2/implementation/flightbooking/target/test-classes/log4j2.xml), Replace=null, charset="null", alwaysWriteExceptions="null", disableAnsi="null", noConsoleNoAnsi="null", header="null", footer="null")
2025-07-24T09:59:45.372362652Z main DEBUG PluginManager 'Converter' found 45 plugins
2025-07-24T09:59:45.377710595Z main DEBUG Building Plugin[name=appender, class=org.apache.logging.log4j.core.appender.FileAppender].
2025-07-24T09:59:45.384419918Z main DEBUG FileAppender$Builder(fileName="target/logs/automation.log", append="null", locking="null", advertise="null", advertiseUri="null", createOnDemand="null", filePermissions="null", fileOwner="null", fileGroup="null", bufferedIo="null", bufferSize="null", immediateFlush="null", ignoreExceptions="null", PatternLayout(%d{yyyy-MM-dd HH:mm:ss} [%t] %-5level %logger{36} - %msg%n), name="FileLogger", Configuration(/home/windass/Documents/works/cognizant/case-study/sprint2/implementation/flightbooking/target/test-classes/log4j2.xml), Filter=null, ={})
2025-07-24T09:59:45.386071494Z main DEBUG Starting FileManager target/logs/automation.log
2025-07-24T09:59:45.386439496Z main DEBUG Building Plugin[name=layout, class=org.apache.logging.log4j.core.layout.PatternLayout].
2025-07-24T09:59:45.386809594Z main DEBUG PatternLayout$Builder(pattern="%d{HH:mm:ss} %-5p %c{1}:%L - %m%n", PatternSelector=null, Configuration(/home/windass/Documents/works/cognizant/case-study/sprint2/implementation/flightbooking/target/test-classes/log4j2.xml), Replace=null, charset="null", alwaysWriteExceptions="null", disableAnsi="null", noConsoleNoAnsi="null", header="null", footer="null")
2025-07-24T09:59:45.387410243Z main DEBUG Building Plugin[name=appender, class=org.apache.logging.log4j.core.appender.ConsoleAppender].
2025-07-24T09:59:45.389222039Z main DEBUG ConsoleAppender$Builder(target="SYSTEM_OUT", follow="null", direct="null", bufferedIo="null", bufferSize="null", immediateFlush="null", ignoreExceptions="null", PatternLayout(%d{HH:mm:ss} %-5p %c{1}:%L - %m%n), name="ConsoleLogger", Configuration(/home/windass/Documents/works/cognizant/case-study/sprint2/implementation/flightbooking/target/test-classes/log4j2.xml), Filter=null, ={})
2025-07-24T09:59:45.391430752Z main DEBUG Starting OutputStreamManager SYSTEM_OUT.false.false
2025-07-24T09:59:45.391603404Z main DEBUG Building Plugin[name=appenders, class=org.apache.logging.log4j.core.config.AppendersPlugin].
2025-07-24T09:59:45.392966948Z main DEBUG createAppenders(={FileLogger, ConsoleLogger})
2025-07-24T09:59:45.393242268Z main DEBUG Building Plugin[name=AppenderRef, class=org.apache.logging.log4j.core.config.AppenderRef].
2025-07-24T09:59:45.395592344Z main DEBUG createAppenderRef(ref="FileLogger", level="null", Filter=null)
2025-07-24T09:59:45.397020702Z main DEBUG Building Plugin[name=AppenderRef, class=org.apache.logging.log4j.core.config.AppenderRef].
2025-07-24T09:59:45.397520288Z main DEBUG createAppenderRef(ref="ConsoleLogger", level="null", Filter=null)
2025-07-24T09:59:45.397818448Z main DEBUG Building Plugin[name=root, class=org.apache.logging.log4j.core.config.LoggerConfig$RootLogger].
2025-07-24T09:59:45.399410448Z main DEBUG LoggerConfig$RootLogger$Builder(additivity="null", level="INFO", levelAndRefs="null", includeLocation="null", ={FileLogger, ConsoleLogger}, ={}, Configuration(/home/windass/Documents/works/cognizant/case-study/sprint2/implementation/flightbooking/target/test-classes/log4j2.xml), Filter=null)
2025-07-24T09:59:45.401035693Z main DEBUG Building Plugin[name=loggers, class=org.apache.logging.log4j.core.config.LoggersPlugin].
2025-07-24T09:59:45.401583122Z main DEBUG createLoggers(={root})
2025-07-24T09:59:45.401971030Z main DEBUG Configuration XmlConfiguration[location=/home/windass/Documents/works/cognizant/case-study/sprint2/implementation/flightbooking/target/test-classes/log4j2.xml] initialized
2025-07-24T09:59:45.402111623Z main DEBUG Starting configuration XmlConfiguration[location=/home/windass/Documents/works/cognizant/case-study/sprint2/implementation/flightbooking/target/test-classes/log4j2.xml]
2025-07-24T09:59:45.402264160Z main DEBUG Started configuration XmlConfiguration[location=/home/windass/Documents/works/cognizant/case-study/sprint2/implementation/flightbooking/target/test-classes/log4j2.xml] OK.
2025-07-24T09:59:45.402931510Z main DEBUG Shutting down OutputStreamManager SYSTEM_OUT.false.false-1
2025-07-24T09:59:45.403065678Z main DEBUG OutputStream closed
2025-07-24T09:59:45.403211650Z main DEBUG Shut down OutputStreamManager SYSTEM_OUT.false.false-1, all resources released: true
2025-07-24T09:59:45.403330592Z main DEBUG Appender DefaultConsole-1 stopped with status true
2025-07-24T09:59:45.403465669Z main DEBUG Stopped org.apache.logging.log4j.core.config.DefaultConfiguration@56e8b606 OK
2025-07-24T09:59:45.510285556Z main DEBUG Registering MBean org.apache.logging.log4j2:type=639fee48
2025-07-24T09:59:45.512314564Z main DEBUG Registering MBean org.apache.logging.log4j2:type=639fee48,component=StatusLogger
2025-07-24T09:59:45.513730629Z main DEBUG Registering MBean org.apache.logging.log4j2:type=639fee48,component=ContextSelector
2025-07-24T09:59:45.515102484Z main DEBUG Registering MBean org.apache.logging.log4j2:type=639fee48,component=Loggers,name=
2025-07-24T09:59:45.516446821Z main DEBUG Registering MBean org.apache.logging.log4j2:type=639fee48,component=Appenders,name=ConsoleLogger
2025-07-24T09:59:45.517083020Z main DEBUG Registering MBean org.apache.logging.log4j2:type=639fee48,component=Appenders,name=FileLogger
2025-07-24T09:59:45.518449637Z main DEBUG org.apache.logging.log4j.core.util.SystemClock supports precise timestamps.
2025-07-24T09:59:45.518880428Z main DEBUG Reconfiguration complete for context[name=639fee48] at URI /home/windass/Documents/works/cognizant/case-study/sprint2/implementation/flightbooking/target/test-classes/log4j2.xml (org.apache.logging.log4j.core.LoggerContext@7674a051) with optional ClassLoader: null
2025-07-24T09:59:45.519052661Z main DEBUG Shutdown hook enabled. Registering a new one.
2025-07-24T09:59:45.520227838Z main DEBUG LoggerContext[name=639fee48, org.apache.logging.log4j.core.LoggerContext@7674a051] started OK.
15:29:48 INFO  LoginTest:38 - Driver initiated at LoginTest
15:29:50 INFO  LoginTest:42 - LoginPage initiated successfully
  &amp#27;[32mGiven &amp#27;[0m&amp#27;[32mnavigate to the application login URL&amp#27;[0m &amp#27;[90m# org.agile.qa.stepDefinitions.LoginTest.navigate_to_the_application_login_url()&amp#27;[0m
15:29:50 INFO  LoginTest:72 - Username sent: 
15:29:50 INFO  LoginTest:73 - Password sent: 
  &amp#27;[32mThen &amp#27;[0m&amp#27;[32mI enter empty data into form fields&amp#27;[0m    &amp#27;[90m# org.agile.qa.stepDefinitions.LoginTest.i_enter_empty_data_into_form_fields(io.cucumber.datatable.DataTable)&amp#27;[0m
    | username | password |
    | [empty]  | [empty]  |
15:29:51 INFO  LoginTest:81 - Set captcha code to empty strings
  &amp#27;[32mThen &amp#27;[0m&amp#27;[32mI leave the captcha field blank.&amp#27;[0m       &amp#27;[90m# org.agile.qa.stepDefinitions.LoginTest.i_leave_the_captcha_field_blank()&amp#27;[0m
15:29:51 INFO  LoginTest:87 - Remeber Me box clicked
  &amp#27;[32mThen &amp#27;[0m&amp#27;[32mI click on Remember Me checkbox.&amp#27;[0m       &amp#27;[90m# org.agile.qa.stepDefinitions.LoginTest.i_click_on_remember_me_checkbox()&amp#27;[0m
15:29:51 INFO  LoginTest:96 - Remember me Popup window, clicked 
  &amp#27;[32mThen &amp#27;[0m&amp#27;[32mI &amp#27;[0m&amp#27;[32m&amp#27;[1m"accept"&amp#27;[0m&amp#27;[32m the popup window&amp#27;[0m            &amp#27;[90m# org.agile.qa.stepDefinitions.LoginTest.i_the_popup_window(java.lang.String)&amp#27;[0m
15:29:51 ERROR LoginTest:117 - Remember Me Error was not present, Try creating appropriate error.
  &amp#27;[32mAnd &amp#27;[0m&amp#27;[32mFinally Remember me error expected.&amp#27;[0m     &amp#27;[90m# org.agile.qa.stepDefinitions.LoginTest.finally_remember_me_error_expected()&amp#27;[0m
]]></system-out>
  </testcase>
  <testcase name="runScenario[&quot;Captcha Validation&quot;, &quot;Login Funtionality check.&quot;](2)" classname="org.agile.qa.runners.RunnerTests" time="0.054">
    <failure message="TODO: implement me" type="io.cucumber.java.PendingException"><![CDATA[io.cucumber.java.PendingException: TODO: implement me
	at org.agile.qa.stepDefinitions.LoginTest.i_enter_valid_data_into_form_fields(LoginTest.java:124)
	at ✽.I enter valid data into form fields.(file:///home/windass/Documents/works/cognizant/case-study/sprint2/implementation/flightbooking/src/test/java/org/agile/qa/features/login.feature:17)
]]></failure>
    <system-out><![CDATA[
@login
Scenario: Captcha Validation                    &amp#27;[90m# src/test/java/org/agile/qa/features/login.feature:16&amp#27;[0m
15:29:51 INFO  LoginTest:38 - Driver initiated at LoginTest
15:29:51 INFO  LoginTest:42 - LoginPage initiated successfully
  &amp#27;[32mGiven &amp#27;[0m&amp#27;[32mnavigate to the application login URL&amp#27;[0m   &amp#27;[90m# org.agile.qa.stepDefinitions.LoginTest.navigate_to_the_application_login_url()&amp#27;[0m
  &amp#27;[33mThen &amp#27;[0m&amp#27;[33mI enter valid data into form fields.&amp#27;[0m     &amp#27;[90m# org.agile.qa.stepDefinitions.LoginTest.i_enter_valid_data_into_form_fields()&amp#27;[0m
      &amp#27;[33mio.cucumber.java.PendingException: TODO: implement me
	at org.agile.qa.stepDefinitions.LoginTest.i_enter_valid_data_into_form_fields(LoginTest.java:124)
	at ✽.I enter valid data into form fields.(file:///home/windass/Documents/works/cognizant/case-study/sprint2/implementation/flightbooking/src/test/java/org/agile/qa/features/login.feature:17)
&amp#27;[0m
  &amp#27;[36mThen &amp#27;[0m&amp#27;[36mI try copying the captcha field.&amp#27;[0m         &amp#27;[90m# org.agile.qa.stepDefinitions.LoginTest.i_try_copying_the_captcha_field()&amp#27;[0m
  &amp#27;[36mAnd &amp#27;[0m&amp#27;[36mthe captcha field should not get copyied.&amp#27;[0m &amp#27;[90m# org.agile.qa.stepDefinitions.LoginTest.the_captcha_field_should_not_get_copyied()&amp#27;[0m
]]></system-out>
  </testcase>
  <testcase name="runScenario[&quot;Password Reset&quot;, &quot;Login Funtionality check.&quot;](3)" classname="org.agile.qa.runners.RunnerTests" time="0.058">
    <failure message="TODO: implement me" type="io.cucumber.java.PendingException"><![CDATA[io.cucumber.java.PendingException: TODO: implement me
	at org.agile.qa.stepDefinitions.LoginTest.i_click_on_the_password_reset_form(LoginTest.java:142)
	at ✽.I click on the password reset form.(file:///home/windass/Documents/works/cognizant/case-study/sprint2/implementation/flightbooking/src/test/java/org/agile/qa/features/login.feature:22)
]]></failure>
    <system-out><![CDATA[
@login
Scenario: Password Reset                       &amp#27;[90m# src/test/java/org/agile/qa/features/login.feature:21&amp#27;[0m
15:29:51 INFO  LoginTest:38 - Driver initiated at LoginTest
15:29:51 INFO  LoginTest:42 - LoginPage initiated successfully
  &amp#27;[32mGiven &amp#27;[0m&amp#27;[32mnavigate to the application login URL&amp#27;[0m  &amp#27;[90m# org.agile.qa.stepDefinitions.LoginTest.navigate_to_the_application_login_url()&amp#27;[0m
  &amp#27;[33mThen &amp#27;[0m&amp#27;[33mI click on the password reset form.&amp#27;[0m     &amp#27;[90m# org.agile.qa.stepDefinitions.LoginTest.i_click_on_the_password_reset_form()&amp#27;[0m
      &amp#27;[33mio.cucumber.java.PendingException: TODO: implement me
	at org.agile.qa.stepDefinitions.LoginTest.i_click_on_the_password_reset_form(LoginTest.java:142)
	at ✽.I click on the password reset form.(file:///home/windass/Documents/works/cognizant/case-study/sprint2/implementation/flightbooking/src/test/java/org/agile/qa/features/login.feature:22)
&amp#27;[0m
  &amp#27;[36mAnd &amp#27;[0m&amp#27;[36mI get to see the password reset form.&amp#27;[0m    &amp#27;[90m# org.agile.qa.stepDefinitions.LoginTest.i_get_to_see_the_password_reset_form()&amp#27;[0m
  &amp#27;[36mThen &amp#27;[0m&amp#27;[36menter the email id.&amp#27;[0m                     &amp#27;[90m# org.agile.qa.stepDefinitions.LoginTest.enter_the_email_id()&amp#27;[0m
  &amp#27;[36mThen &amp#27;[0m&amp#27;[36menter the &amp#27;[0m&amp#27;[36m&amp#27;[1m'OTP'&amp#27;[0m&amp#27;[36m received for that mail.&amp#27;[0m &amp#27;[90m# org.agile.qa.stepDefinitions.LoginTest.enter_the_received_for_that_mail(java.lang.String)&amp#27;[0m
  &amp#27;[36mAnd &amp#27;[0m&amp#27;[36mfinally set new password and submit.&amp#27;[0m     &amp#27;[90m# org.agile.qa.stepDefinitions.LoginTest.finally_set_new_password_and_submit()&amp#27;[0m
]]></system-out>
  </testcase>
  <testcase name="runScenario[&quot;Unauthenticated users should not access the booking page.&quot;, &quot;Login Funtionality check.&quot;](4)" classname="org.agile.qa.runners.RunnerTests" time="0.051">
    <failure message="TODO: implement me" type="io.cucumber.java.PendingException"><![CDATA[io.cucumber.java.PendingException: TODO: implement me
	at org.agile.qa.stepDefinitions.LoginTest.directly_access_the_booking_page_url(LoginTest.java:172)
	at ✽.directly access the booking page URL(file:///home/windass/Documents/works/cognizant/case-study/sprint2/implementation/flightbooking/src/test/java/org/agile/qa/features/login.feature:29)
]]></failure>
    <system-out><![CDATA[
@login
Scenario: Unauthenticated users should not access the booking page. &amp#27;[90m# src/test/java/org/agile/qa/features/login.feature:28&amp#27;[0m
15:29:51 INFO  LoginTest:38 - Driver initiated at LoginTest
15:29:51 INFO  LoginTest:42 - LoginPage initiated successfully
  &amp#27;[32mGiven &amp#27;[0m&amp#27;[32mnavigate to the application login URL&amp#27;[0m                       &amp#27;[90m# org.agile.qa.stepDefinitions.LoginTest.navigate_to_the_application_login_url()&amp#27;[0m
  &amp#27;[33mWhen &amp#27;[0m&amp#27;[33mdirectly access the booking page URL&amp#27;[0m                         &amp#27;[90m# org.agile.qa.stepDefinitions.LoginTest.directly_access_the_booking_page_url()&amp#27;[0m
      &amp#27;[33mio.cucumber.java.PendingException: TODO: implement me
	at org.agile.qa.stepDefinitions.LoginTest.directly_access_the_booking_page_url(LoginTest.java:172)
	at ✽.directly access the booking page URL(file:///home/windass/Documents/works/cognizant/case-study/sprint2/implementation/flightbooking/src/test/java/org/agile/qa/features/login.feature:29)
&amp#27;[0m
  &amp#27;[36mThen &amp#27;[0m&amp#27;[36mthe user should be redirected to the login page&amp#27;[0m              &amp#27;[90m# org.agile.qa.stepDefinitions.LoginTest.the_user_should_be_redirected_to_the_login_page()&amp#27;[0m
  &amp#27;[36mAnd &amp#27;[0m&amp#27;[36mthe booking page should not be accessible&amp#27;[0m                     &amp#27;[90m# org.agile.qa.stepDefinitions.LoginTest.the_booking_page_should_not_be_accessible()&amp#27;[0m
]]></system-out>
  </testcase>
</testsuite>