<?xml version="1.0" encoding="UTF-8"?>
<!-- Generated by org.testng.reporters.JUnitReportReporter -->
<testsuite hostname="LAPTOP-SPEE1M4O" failures="0" tests="5" name="org.agile.qa.runners.RunnerTests" time="1.218" errors="5" timestamp="29 Jul 2025 09:48:13 GMT" skipped="0">
  <testcase classname="org.agile.qa.runners.RunnerTests" name="runScenario" time="0.017">
    <error message="geckodriver located at /usr/bin/geckodriver, but invalid
For documentation on this error, please visit: https://www.selenium.dev/documentation/webdriver/troubleshooting/errors/driver_location/
Build info: version: &#039;4.11.0&#039;, revision: &#039;040bc5406b&#039;
System info: os.name: &#039;Windows 11&#039;, os.arch: &#039;amd64&#039;, os.version: &#039;10.0&#039;, java.version: &#039;21.0.6&#039;
Driver info: driver.version: FirefoxDriver" type="org.openqa.selenium.remote.NoSuchDriverException">
      <![CDATA[org.openqa.selenium.remote.NoSuchDriverException: geckodriver located at /usr/bin/geckodriver, but invalid
For documentation on this error, please visit: https://www.selenium.dev/documentation/webdriver/troubleshooting/errors/driver_location/
Build info: version: '4.11.0', revision: '040bc5406b'
System info: os.name: 'Windows 11', os.arch: 'amd64', os.version: '10.0', java.version: '21.0.6'
Driver info: driver.version: FirefoxDriver
	at org.openqa.selenium.remote.service.DriverFinder.getPath(DriverFinder.java:45)
	at org.openqa.selenium.remote.service.DriverFinder.getPath(DriverFinder.java:13)
	at org.openqa.selenium.firefox.FirefoxDriver.generateExecutor(FirefoxDriver.java:141)
	at org.openqa.selenium.firefox.FirefoxDriver.<init>(FirefoxDriver.java:132)
	at org.openqa.selenium.firefox.FirefoxDriver.<init>(FirefoxDriver.java:127)
	at org.openqa.selenium.firefox.FirefoxDriver.<init>(FirefoxDriver.java:112)
	at org.openqa.selenium.firefox.FirefoxDriver.<init>(FirefoxDriver.java:102)
	at org.agile.qa.setup.DriverSetup.getDriver(DriverSetup.java:13)
	at org.agile.qa.stepDefinitions.LoginTest.navigate_to_the_application_login_url(LoginTest.java:42)
	at ✽.navigate to the application login URL(file:///E:/flightBooking/FlightBooking-G1/src/test/java/org/agile/qa/features/login.feature:5)
]]>
    </error>
  </testcase> <!-- runScenario -->
  <testcase classname="org.agile.qa.runners.RunnerTests" name="runScenario" time="0.075">
    <error message="geckodriver located at /usr/bin/geckodriver, but invalid
For documentation on this error, please visit: https://www.selenium.dev/documentation/webdriver/troubleshooting/errors/driver_location/
Build info: version: &#039;4.11.0&#039;, revision: &#039;040bc5406b&#039;
System info: os.name: &#039;Windows 11&#039;, os.arch: &#039;amd64&#039;, os.version: &#039;10.0&#039;, java.version: &#039;21.0.6&#039;
Driver info: driver.version: FirefoxDriver" type="org.openqa.selenium.remote.NoSuchDriverException">
      <![CDATA[org.openqa.selenium.remote.NoSuchDriverException: geckodriver located at /usr/bin/geckodriver, but invalid
For documentation on this error, please visit: https://www.selenium.dev/documentation/webdriver/troubleshooting/errors/driver_location/
Build info: version: '4.11.0', revision: '040bc5406b'
System info: os.name: 'Windows 11', os.arch: 'amd64', os.version: '10.0', java.version: '21.0.6'
Driver info: driver.version: FirefoxDriver
	at org.openqa.selenium.remote.service.DriverFinder.getPath(DriverFinder.java:45)
	at org.openqa.selenium.remote.service.DriverFinder.getPath(DriverFinder.java:13)
	at org.openqa.selenium.firefox.FirefoxDriver.generateExecutor(FirefoxDriver.java:141)
	at org.openqa.selenium.firefox.FirefoxDriver.<init>(FirefoxDriver.java:132)
	at org.openqa.selenium.firefox.FirefoxDriver.<init>(FirefoxDriver.java:127)
	at org.openqa.selenium.firefox.FirefoxDriver.<init>(FirefoxDriver.java:112)
	at org.openqa.selenium.firefox.FirefoxDriver.<init>(FirefoxDriver.java:102)
	at org.agile.qa.setup.DriverSetup.getDriver(DriverSetup.java:13)
	at org.agile.qa.stepDefinitions.LoginTest.navigate_to_the_application_login_url(LoginTest.java:42)
	at ✽.navigate to the application login URL(file:///E:/flightBooking/FlightBooking-G1/src/test/java/org/agile/qa/features/login.feature:5)
]]>
    </error>
  </testcase> <!-- runScenario -->
  <testcase classname="org.agile.qa.runners.RunnerTests" name="runScenario" time="1.082">
    <error message="geckodriver located at /usr/bin/geckodriver, but invalid
For documentation on this error, please visit: https://www.selenium.dev/documentation/webdriver/troubleshooting/errors/driver_location/
Build info: version: &#039;4.11.0&#039;, revision: &#039;040bc5406b&#039;
System info: os.name: &#039;Windows 11&#039;, os.arch: &#039;amd64&#039;, os.version: &#039;10.0&#039;, java.version: &#039;21.0.6&#039;
Driver info: driver.version: FirefoxDriver" type="org.openqa.selenium.remote.NoSuchDriverException">
      <![CDATA[org.openqa.selenium.remote.NoSuchDriverException: geckodriver located at /usr/bin/geckodriver, but invalid
For documentation on this error, please visit: https://www.selenium.dev/documentation/webdriver/troubleshooting/errors/driver_location/
Build info: version: '4.11.0', revision: '040bc5406b'
System info: os.name: 'Windows 11', os.arch: 'amd64', os.version: '10.0', java.version: '21.0.6'
Driver info: driver.version: FirefoxDriver
	at org.openqa.selenium.remote.service.DriverFinder.getPath(DriverFinder.java:45)
	at org.openqa.selenium.remote.service.DriverFinder.getPath(DriverFinder.java:13)
	at org.openqa.selenium.firefox.FirefoxDriver.generateExecutor(FirefoxDriver.java:141)
	at org.openqa.selenium.firefox.FirefoxDriver.<init>(FirefoxDriver.java:132)
	at org.openqa.selenium.firefox.FirefoxDriver.<init>(FirefoxDriver.java:127)
	at org.openqa.selenium.firefox.FirefoxDriver.<init>(FirefoxDriver.java:112)
	at org.openqa.selenium.firefox.FirefoxDriver.<init>(FirefoxDriver.java:102)
	at org.agile.qa.setup.DriverSetup.getDriver(DriverSetup.java:13)
	at org.agile.qa.stepDefinitions.LoginTest.navigate_to_the_application_login_url(LoginTest.java:42)
	at ✽.navigate to the application login URL(file:///E:/flightBooking/FlightBooking-G1/src/test/java/org/agile/qa/features/login.feature:5)
]]>
    </error>
  </testcase> <!-- runScenario -->
  <testcase classname="org.agile.qa.runners.RunnerTests" name="runScenario" time="0.022">
    <error message="geckodriver located at /usr/bin/geckodriver, but invalid
For documentation on this error, please visit: https://www.selenium.dev/documentation/webdriver/troubleshooting/errors/driver_location/
Build info: version: &#039;4.11.0&#039;, revision: &#039;040bc5406b&#039;
System info: os.name: &#039;Windows 11&#039;, os.arch: &#039;amd64&#039;, os.version: &#039;10.0&#039;, java.version: &#039;21.0.6&#039;
Driver info: driver.version: FirefoxDriver" type="org.openqa.selenium.remote.NoSuchDriverException">
      <![CDATA[org.openqa.selenium.remote.NoSuchDriverException: geckodriver located at /usr/bin/geckodriver, but invalid
For documentation on this error, please visit: https://www.selenium.dev/documentation/webdriver/troubleshooting/errors/driver_location/
Build info: version: '4.11.0', revision: '040bc5406b'
System info: os.name: 'Windows 11', os.arch: 'amd64', os.version: '10.0', java.version: '21.0.6'
Driver info: driver.version: FirefoxDriver
	at org.openqa.selenium.remote.service.DriverFinder.getPath(DriverFinder.java:45)
	at org.openqa.selenium.remote.service.DriverFinder.getPath(DriverFinder.java:13)
	at org.openqa.selenium.firefox.FirefoxDriver.generateExecutor(FirefoxDriver.java:141)
	at org.openqa.selenium.firefox.FirefoxDriver.<init>(FirefoxDriver.java:132)
	at org.openqa.selenium.firefox.FirefoxDriver.<init>(FirefoxDriver.java:127)
	at org.openqa.selenium.firefox.FirefoxDriver.<init>(FirefoxDriver.java:112)
	at org.openqa.selenium.firefox.FirefoxDriver.<init>(FirefoxDriver.java:102)
	at org.agile.qa.setup.DriverSetup.getDriver(DriverSetup.java:13)
	at org.agile.qa.stepDefinitions.LoginTest.navigate_to_the_application_login_url(LoginTest.java:42)
	at ✽.navigate to the application login URL(file:///E:/flightBooking/FlightBooking-G1/src/test/java/org/agile/qa/features/login.feature:5)
]]>
    </error>
  </testcase> <!-- runScenario -->
  <testcase classname="org.agile.qa.runners.RunnerTests" name="runScenario" time="0.022">
    <error message="geckodriver located at /usr/bin/geckodriver, but invalid
For documentation on this error, please visit: https://www.selenium.dev/documentation/webdriver/troubleshooting/errors/driver_location/
Build info: version: &#039;4.11.0&#039;, revision: &#039;040bc5406b&#039;
System info: os.name: &#039;Windows 11&#039;, os.arch: &#039;amd64&#039;, os.version: &#039;10.0&#039;, java.version: &#039;21.0.6&#039;
Driver info: driver.version: FirefoxDriver" type="org.openqa.selenium.remote.NoSuchDriverException">
      <![CDATA[org.openqa.selenium.remote.NoSuchDriverException: geckodriver located at /usr/bin/geckodriver, but invalid
For documentation on this error, please visit: https://www.selenium.dev/documentation/webdriver/troubleshooting/errors/driver_location/
Build info: version: '4.11.0', revision: '040bc5406b'
System info: os.name: 'Windows 11', os.arch: 'amd64', os.version: '10.0', java.version: '21.0.6'
Driver info: driver.version: FirefoxDriver
	at org.openqa.selenium.remote.service.DriverFinder.getPath(DriverFinder.java:45)
	at org.openqa.selenium.remote.service.DriverFinder.getPath(DriverFinder.java:13)
	at org.openqa.selenium.firefox.FirefoxDriver.generateExecutor(FirefoxDriver.java:141)
	at org.openqa.selenium.firefox.FirefoxDriver.<init>(FirefoxDriver.java:132)
	at org.openqa.selenium.firefox.FirefoxDriver.<init>(FirefoxDriver.java:127)
	at org.openqa.selenium.firefox.FirefoxDriver.<init>(FirefoxDriver.java:112)
	at org.openqa.selenium.firefox.FirefoxDriver.<init>(FirefoxDriver.java:102)
	at org.agile.qa.setup.DriverSetup.getDriver(DriverSetup.java:13)
	at org.agile.qa.stepDefinitions.LoginTest.navigate_to_the_application_login_url(LoginTest.java:42)
	at ✽.navigate to the application login URL(file:///E:/flightBooking/FlightBooking-G1/src/test/java/org/agile/qa/features/login.feature:5)
]]>
    </error>
  </testcase> <!-- runScenario -->
</testsuite> <!-- org.agile.qa.runners.RunnerTests -->
