<?xml version="1.0" encoding="UTF-8"?>
<!-- Generated by org.testng.reporters.JUnitReportReporter -->
<testsuite hostname="windass-with-no-ass" failures="0" tests="8" name="org.agile.qa.runners.RunnerTests" time="62.584" errors="0" timestamp="28 Jul 2025 15:17:24 GMT" skipped="0">
  <testcase classname="org.agile.qa.runners.RunnerTests" name="runScenario" time="7.690"/>
  <testcase classname="org.agile.qa.runners.RunnerTests" name="runScenario" time="5.219"/>
  <testcase classname="org.agile.qa.runners.RunnerTests" name="runScenario" time="7.630"/>
  <testcase classname="org.agile.qa.runners.RunnerTests" name="runScenario" time="7.043"/>
  <testcase classname="org.agile.qa.runners.RunnerTests" name="runScenario" time="8.121"/>
  <testcase classname="org.agile.qa.runners.RunnerTests" name="runScenario" time="15.536"/>
  <testcase classname="org.agile.qa.runners.RunnerTests" name="runScenario" time="6.064"/>
  <testcase classname="org.agile.qa.runners.RunnerTests" name="runScenario" time="5.281"/>
</testsuite> <!-- org.agile.qa.runners.RunnerTests -->
