<?xml version="1.0" encoding="UTF-8"?>
<!-- Generated by org.testng.reporters.JUnitReportReporter -->
<testsuite hostname="windass-with-no-ass" failures="0" tests="8" name="org.agile.qa.runners.RunnerTests" time="25.974" errors="0" timestamp="28 Jul 2025 14:30:11 GMT" skipped="0">
  <testcase classname="org.agile.qa.runners.RunnerTests" name="runScenario" time="10.368"/>
  <testcase classname="org.agile.qa.runners.RunnerTests" name="runScenario" time="2.915"/>
  <testcase classname="org.agile.qa.runners.RunnerTests" name="runScenario" time="0.327"/>
  <testcase classname="org.agile.qa.runners.RunnerTests" name="runScenario" time="3.343"/>
  <testcase classname="org.agile.qa.runners.RunnerTests" name="runScenario" time="1.150"/>
  <testcase classname="org.agile.qa.runners.RunnerTests" name="runScenario" time="0.374"/>
  <testcase classname="org.agile.qa.runners.RunnerTests" name="runScenario" time="7.008"/>
  <testcase classname="org.agile.qa.runners.RunnerTests" name="runScenario" time="0.489"/>
</testsuite> <!-- org.agile.qa.runners.RunnerTests -->
