<?xml version="1.0" encoding="UTF-8"?>
<!-- Generated by org.testng.reporters.JUnitReportReporter -->
<testsuite hostname="windass-with-no-ass" failures="0" tests="4" name="org.agile.qa.runners.RunnerTests" time="6.426" errors="3" timestamp="24 Jul 2025 09:59:51 GMT" skipped="0">
  <testcase classname="org.agile.qa.runners.RunnerTests" name="runScenario" time="0.058">
    <error message="TODO: implement me" type="io.cucumber.java.PendingException">
      <![CDATA[io.cucumber.java.PendingException: TODO: implement me
	at org.agile.qa.stepDefinitions.LoginTest.i_click_on_the_password_reset_form(LoginTest.java:142)
	at ✽.I click on the password reset form.(file:///home/windass/Documents/works/cognizant/case-study/sprint2/implementation/flightbooking/src/test/java/org/agile/qa/features/login.feature:22)
]]>
    </error>
  </testcase> <!-- runScenario -->
  <testcase classname="org.agile.qa.runners.RunnerTests" name="runScenario" time="0.051">
    <error message="TODO: implement me" type="io.cucumber.java.PendingException">
      <![CDATA[io.cucumber.java.PendingException: TODO: implement me
	at org.agile.qa.stepDefinitions.LoginTest.directly_access_the_booking_page_url(LoginTest.java:172)
	at ✽.directly access the booking page URL(file:///home/windass/Documents/works/cognizant/case-study/sprint2/implementation/flightbooking/src/test/java/org/agile/qa/features/login.feature:29)
]]>
    </error>
  </testcase> <!-- runScenario -->
  <testcase classname="org.agile.qa.runners.RunnerTests" name="runScenario" time="0.055">
    <error message="TODO: implement me" type="io.cucumber.java.PendingException">
      <![CDATA[io.cucumber.java.PendingException: TODO: implement me
	at org.agile.qa.stepDefinitions.LoginTest.i_enter_valid_data_into_form_fields(LoginTest.java:124)
	at ✽.I enter valid data into form fields.(file:///home/windass/Documents/works/cognizant/case-study/sprint2/implementation/flightbooking/src/test/java/org/agile/qa/features/login.feature:17)
]]>
    </error>
  </testcase> <!-- runScenario -->
  <testcase classname="org.agile.qa.runners.RunnerTests" name="runScenario" time="6.262"/>
</testsuite> <!-- org.agile.qa.runners.RunnerTests -->
